This file contains any messages produced by compilers while
running configure, to aid debugging if configure makes a mistake.

It was created by jq configure 1.5-1-g940132e-dirty, which was
generated by GNU Autoconf 2.69.  Invocation command line was

  $ ./configure --disable-maintainer-mode

## --------- ##
## Platform. ##
## --------- ##

hostname = Jareds-MacBook-Pro.local
uname -m = x86_64
uname -r = 16.4.0
uname -s = Darwin
uname -v = Darwin Kernel Version 16.4.0: Thu Dec 22 22:53:21 PST 2016; root:xnu-3789.41.3~3/RELEASE_X86_64

/usr/bin/uname -p = i386
/bin/uname -X     = unknown

/bin/arch              = unknown
/usr/bin/arch -k       = unknown
/usr/convex/getsysinfo = unknown
/usr/bin/hostinfo      = Mach kernel version:
	 Darwin Kernel Version 16.4.0: Thu Dec 22 22:53:21 PST 2016; root:xnu-3789.41.3~3/RELEASE_X86_64
Kernel configured for up to 4 processors.
2 processors are physically available.
4 processors are logically available.
Processor type: x86_64h (Intel x86-64h Haswell)
Processors active: 0 1 2 3
Primary memory available: 16.00 gigabytes
Default processor set: 403 tasks, 2185 threads, 4 processors
Load average: 1.65, Mach factor: 2.34
/bin/machine           = unknown
/usr/bin/oslevel       = unknown
/bin/universe          = unknown

PATH: /Users/evanjohnson/go/bin
PATH: /Users/evanjohnson/bin
PATH: /usr/local/go/bin
PATH: /usr/local/bin
PATH: /usr/bin
PATH: /bin
PATH: /usr/sbin
PATH: /sbin


## ----------- ##
## Core tests. ##
## ----------- ##

configure:2581: checking for a BSD-compatible install
configure:2649: result: /usr/bin/install -c
configure:2660: checking whether build environment is sane
configure:2715: result: yes
configure:2866: checking for a thread-safe mkdir -p
configure:2905: result: config/install-sh -c -d
configure:2912: checking for gawk
configure:2942: result: no
configure:2912: checking for mawk
configure:2942: result: no
configure:2912: checking for nawk
configure:2942: result: no
configure:2912: checking for awk
configure:2928: found /usr/bin/awk
configure:2939: result: awk
configure:2950: checking whether make sets $(MAKE)
configure:2972: result: yes
configure:3001: checking whether make supports nested variables
configure:3018: result: yes
configure:3154: checking whether make supports nested variables
configure:3171: result: yes
configure:3194: checking for style of include used by make
configure:3222: result: GNU
configure:3293: checking for gcc
configure:3309: found /usr/bin/gcc
configure:3320: result: gcc
configure:3549: checking for C compiler version
configure:3558: gcc --version >&5
Apple LLVM version 8.1.0 (clang-802.0.42)
Target: x86_64-apple-darwin16.4.0
Thread model: posix
InstalledDir: /Library/Developer/CommandLineTools/usr/bin
Configured with: --prefix=/Library/Developer/CommandLineTools/usr --with-gxx-include-dir=/usr/include/c++/4.2.1
configure:3569: $? = 0
configure:3558: gcc -v >&5
Configured with: --prefix=/Library/Developer/CommandLineTools/usr --with-gxx-include-dir=/usr/include/c++/4.2.1
Apple LLVM version 8.1.0 (clang-802.0.42)
Target: x86_64-apple-darwin16.4.0
Thread model: posix
InstalledDir: /Library/Developer/CommandLineTools/usr/bin
configure:3569: $? = 0
configure:3558: gcc -V >&5
clang: error: argument to '-V' is missing (expected 1 value)
clang: error: no input files
configure:3569: $? = 1
configure:3558: gcc -qversion >&5
clang: error: unknown argument: '-qversion'
clang: error: no input files
configure:3569: $? = 1
configure:3589: checking whether the C compiler works
configure:3611: gcc    conftest.c  >&5
configure:3615: $? = 0
configure:3663: result: yes
configure:3666: checking for C compiler default output file name
configure:3668: result: a.out
configure:3674: checking for suffix of executables
configure:3681: gcc -o conftest    conftest.c  >&5
configure:3685: $? = 0
configure:3707: result: 
configure:3729: checking whether we are cross compiling
configure:3737: gcc -o conftest    conftest.c  >&5
configure:3741: $? = 0
configure:3748: ./conftest
configure:3752: $? = 0
configure:3767: result: no
configure:3772: checking for suffix of object files
configure:3794: gcc -c   conftest.c >&5
configure:3798: $? = 0
configure:3819: result: o
configure:3823: checking whether we are using the GNU C compiler
configure:3842: gcc -c   conftest.c >&5
configure:3842: $? = 0
configure:3851: result: yes
configure:3860: checking whether gcc accepts -g
configure:3880: gcc -c -g  conftest.c >&5
configure:3880: $? = 0
configure:3921: result: yes
configure:3938: checking for gcc option to accept ISO C89
configure:4001: gcc  -c -g -O2  conftest.c >&5
configure:4001: $? = 0
configure:4014: result: none needed
configure:4039: checking whether gcc understands -c and -o together
configure:4061: gcc -c conftest.c -o conftest2.o
configure:4064: $? = 0
configure:4061: gcc -c conftest.c -o conftest2.o
configure:4064: $? = 0
configure:4076: result: yes
configure:4095: checking dependency style of gcc
configure:4206: result: gcc3
configure:4271: checking for ar
configure:4287: found /usr/bin/ar
configure:4298: result: ar
configure:4324: checking the archiver (ar) interface
configure:4340: gcc -c -g -O2  conftest.c >&5
configure:4340: $? = 0
configure:4342: ar cru libconftest.a conftest.o >&5
configure:4345: $? = 0
configure:4373: result: ar
configure:4394: checking whether to enable maintainer-specific portions of Makefiles
configure:4403: result: no
configure:4464: checking for gcc
configure:4491: result: gcc
configure:4720: checking for C compiler version
configure:4729: gcc --version >&5
Apple LLVM version 8.1.0 (clang-802.0.42)
Target: x86_64-apple-darwin16.4.0
Thread model: posix
InstalledDir: /Library/Developer/CommandLineTools/usr/bin
Configured with: --prefix=/Library/Developer/CommandLineTools/usr --with-gxx-include-dir=/usr/include/c++/4.2.1
configure:4740: $? = 0
configure:4729: gcc -v >&5
Configured with: --prefix=/Library/Developer/CommandLineTools/usr --with-gxx-include-dir=/usr/include/c++/4.2.1
Apple LLVM version 8.1.0 (clang-802.0.42)
Target: x86_64-apple-darwin16.4.0
Thread model: posix
InstalledDir: /Library/Developer/CommandLineTools/usr/bin
configure:4740: $? = 0
configure:4729: gcc -V >&5
clang: error: argument to '-V' is missing (expected 1 value)
clang: error: no input files
configure:4740: $? = 1
configure:4729: gcc -qversion >&5
clang: error: unknown argument: '-qversion'
clang: error: no input files
configure:4740: $? = 1
configure:4744: checking whether we are using the GNU C compiler
configure:4772: result: yes
configure:4781: checking whether gcc accepts -g
configure:4842: result: yes
configure:4859: checking for gcc option to accept ISO C89
configure:4935: result: none needed
configure:4960: checking whether gcc understands -c and -o together
configure:4997: result: yes
configure:5016: checking dependency style of gcc
configure:5127: result: gcc3
configure:5146: checking for gcc option to accept ISO C99
configure:5295: gcc  -c -g -O2  conftest.c >&5
configure:5295: $? = 0
configure:5308: result: none needed
configure:5416: checking for gcc option to accept ISO Standard C
configure:5427: result: none needed
configure:5439: checking how to run the C preprocessor
configure:5470: gcc -E  conftest.c
configure:5470: $? = 0
configure:5484: gcc -E  conftest.c
conftest.c:11:10: fatal error: 'ac_nonexistent.h' file not found
#include <ac_nonexistent.h>
         ^
1 error generated.
configure:5484: $? = 1
configure: failed program was:
| /* confdefs.h */
| #define PACKAGE_NAME "jq"
| #define PACKAGE_TARNAME "jq"
| #define PACKAGE_VERSION "1.5-1-g940132e-dirty"
| #define PACKAGE_STRING "jq 1.5-1-g940132e-dirty"
| #define PACKAGE_BUGREPORT "https://github.com/stedolan/jq/issues"
| #define PACKAGE_URL "https://stedolan.github.io/jq"
| #define PACKAGE "jq"
| #define VERSION "1.5-1-g940132e-dirty"
| /* end confdefs.h.  */
| #include <ac_nonexistent.h>
configure:5509: result: gcc -E
configure:5529: gcc -E  conftest.c
configure:5529: $? = 0
configure:5543: gcc -E  conftest.c
conftest.c:11:10: fatal error: 'ac_nonexistent.h' file not found
#include <ac_nonexistent.h>
         ^
1 error generated.
configure:5543: $? = 1
configure: failed program was:
| /* confdefs.h */
| #define PACKAGE_NAME "jq"
| #define PACKAGE_TARNAME "jq"
| #define PACKAGE_VERSION "1.5-1-g940132e-dirty"
| #define PACKAGE_STRING "jq 1.5-1-g940132e-dirty"
| #define PACKAGE_BUGREPORT "https://github.com/stedolan/jq/issues"
| #define PACKAGE_URL "https://stedolan.github.io/jq"
| #define PACKAGE "jq"
| #define VERSION "1.5-1-g940132e-dirty"
| /* end confdefs.h.  */
| #include <ac_nonexistent.h>
configure:5576: checking for bison
configure:5592: found /usr/bin/bison
configure:5603: result: bison -y
configure:5646: checking build system type
configure:5660: result: x86_64-apple-darwin16.4.0
configure:5680: checking host system type
configure:5693: result: x86_64-apple-darwin16.4.0
configure:5734: checking how to print strings
configure:5761: result: printf
configure:5782: checking for a sed that does not truncate output
configure:5846: result: /usr/bin/sed
configure:5864: checking for grep that handles long lines and -e
configure:5922: result: /usr/bin/grep
configure:5927: checking for egrep
configure:5989: result: /usr/bin/grep -E
configure:5994: checking for fgrep
configure:6056: result: /usr/bin/grep -F
configure:6091: checking for ld used by gcc
configure:6158: result: /Library/Developer/CommandLineTools/usr/bin/ld
configure:6165: checking if the linker (/Library/Developer/CommandLineTools/usr/bin/ld) is GNU ld
configure:6180: result: no
configure:6192: checking for BSD- or MS-compatible name lister (nm)
configure:6241: result: /usr/bin/nm -B
configure:6371: checking the name lister (/usr/bin/nm -B) interface
configure:6378: gcc -c -g -O2  conftest.c >&5
configure:6381: /usr/bin/nm -B "conftest.o"
configure:6384: output
00000000000001f8 S _some_variable
configure:6391: result: BSD nm
configure:6394: checking whether ln -s works
configure:6398: result: yes
configure:6406: checking the maximum length of command line arguments
configure:6537: result: 196608
configure:6554: checking whether the shell understands some XSI constructs
configure:6564: result: yes
configure:6568: checking whether the shell understands "+="
configure:6574: result: yes
configure:6609: checking how to convert x86_64-apple-darwin16.4.0 file names to x86_64-apple-darwin16.4.0 format
configure:6649: result: func_convert_file_noop
configure:6656: checking how to convert x86_64-apple-darwin16.4.0 file names to toolchain format
configure:6676: result: func_convert_file_noop
configure:6683: checking for /Library/Developer/CommandLineTools/usr/bin/ld option to reload object files
configure:6690: result: -r
configure:6764: checking for objdump
configure:6780: found /usr/bin/objdump
configure:6791: result: objdump
configure:6820: checking how to recognize dependent libraries
configure:7018: result: pass_all
configure:7103: checking for dlltool
configure:7133: result: no
configure:7160: checking how to associate runtime and link libraries
configure:7187: result: printf %s\n
configure:7311: checking for archiver @FILE support
configure:7328: gcc -c -g -O2  conftest.c >&5
configure:7328: $? = 0
configure:7331: ar cru libconftest.a @conftest.lst >&5
ar: @conftest.lst: No such file or directory
configure:7334: $? = 1
configure:7354: result: no
configure:7412: checking for strip
configure:7428: found /usr/bin/strip
configure:7439: result: strip
configure:7511: checking for ranlib
configure:7527: found /usr/bin/ranlib
configure:7538: result: ranlib
configure:7640: checking command to parse /usr/bin/nm -B output from gcc object
configure:7760: gcc -c -g -O2  conftest.c >&5
configure:7763: $? = 0
configure:7767: /usr/bin/nm -B conftest.o \| sed -n -e 's/^.*[ ]\([BCDEGRST][BCDEGRST]*\)[ ][ ]*\([_A-Za-z][_A-Za-z0-9]*\)$/\1 \2 \2/p' | sed '/ __gnu_lto/d' \> conftest.nm
configure:7770: $? = 0
cannot find nm_test_var in conftest.nm
configure:7760: gcc -c -g -O2  conftest.c >&5
configure:7763: $? = 0
configure:7767: /usr/bin/nm -B conftest.o \| sed -n -e 's/^.*[ ]\([BCDEGRST][BCDEGRST]*\)[ ][ ]*_\([_A-Za-z][_A-Za-z0-9]*\)$/\1 _\2 \2/p' | sed '/ __gnu_lto/d' \> conftest.nm
configure:7770: $? = 0
configure:7836: gcc -o conftest -g -O2   conftest.c conftstm.o >&5
warning: (x86_64)  could not find object file symbol for symbol _main
configure:7839: $? = 0
configure:7877: result: ok
configure:7914: checking for sysroot
configure:7944: result: no
configure:8213: checking for mt
configure:8243: result: no
configure:8263: checking if : is a manifest tool
configure:8269: : '-?'
configure:8277: result: no
configure:8333: checking for dsymutil
configure:8349: found /usr/bin/dsymutil
configure:8360: result: dsymutil
configure:8425: checking for nmedit
configure:8441: found /usr/bin/nmedit
configure:8452: result: nmedit
configure:8517: checking for lipo
configure:8533: found /usr/bin/lipo
configure:8544: result: lipo
configure:8609: checking for otool
configure:8625: found /usr/bin/otool
configure:8636: result: otool
configure:8701: checking for otool64
configure:8731: result: no
configure:8776: checking for -single_module linker flag
gcc -g -O2  -o libconftest.dylib -dynamiclib -Wl,-single_module conftest.c
configure:8809: result: yes
configure:8812: checking for -exported_symbols_list linker flag
configure:8832: gcc -o conftest -g -O2   -Wl,-exported_symbols_list,conftest.sym conftest.c  >&5
configure:8832: $? = 0
configure:8842: result: yes
configure:8845: checking for -force_load linker flag
gcc -g -O2 -c -o conftest.o conftest.c
ar cru libconftest.a conftest.o
ranlib libconftest.a
gcc -g -O2  -o conftest conftest.c -Wl,-force_load,./libconftest.a
configure:8877: result: yes
configure:8915: checking for ANSI C header files
configure:8935: gcc -c -g -O2  conftest.c >&5
configure:8935: $? = 0
configure:9008: gcc -o conftest -g -O2   conftest.c  >&5
configure:9008: $? = 0
configure:9008: ./conftest
configure:9008: $? = 0
configure:9019: result: yes
configure:9032: checking for sys/types.h
configure:9032: gcc -c -g -O2  conftest.c >&5
configure:9032: $? = 0
configure:9032: result: yes
configure:9032: checking for sys/stat.h
configure:9032: gcc -c -g -O2  conftest.c >&5
configure:9032: $? = 0
configure:9032: result: yes
configure:9032: checking for stdlib.h
configure:9032: gcc -c -g -O2  conftest.c >&5
configure:9032: $? = 0
configure:9032: result: yes
configure:9032: checking for string.h
configure:9032: gcc -c -g -O2  conftest.c >&5
configure:9032: $? = 0
configure:9032: result: yes
configure:9032: checking for memory.h
configure:9032: gcc -c -g -O2  conftest.c >&5
configure:9032: $? = 0
configure:9032: result: yes
configure:9032: checking for strings.h
configure:9032: gcc -c -g -O2  conftest.c >&5
configure:9032: $? = 0
configure:9032: result: yes
configure:9032: checking for inttypes.h
configure:9032: gcc -c -g -O2  conftest.c >&5
configure:9032: $? = 0
configure:9032: result: yes
configure:9032: checking for stdint.h
configure:9032: gcc -c -g -O2  conftest.c >&5
configure:9032: $? = 0
configure:9032: result: yes
configure:9032: checking for unistd.h
configure:9032: gcc -c -g -O2  conftest.c >&5
configure:9032: $? = 0
configure:9032: result: yes
configure:9046: checking for dlfcn.h
configure:9046: gcc -c -g -O2  conftest.c >&5
configure:9046: $? = 0
configure:9046: result: yes
configure:9548: checking for objdir
configure:9563: result: .libs
configure:9834: checking if gcc supports -fno-rtti -fno-exceptions
configure:9852: gcc -c -g -O2  -fno-rtti -fno-exceptions conftest.c >&5
configure:9856: $? = 0
configure:9869: result: yes
configure:10196: checking for gcc option to produce PIC
configure:10203: result: -fno-common -DPIC
configure:10211: checking if gcc PIC flag -fno-common -DPIC works
configure:10229: gcc -c -g -O2  -fno-common -DPIC -DPIC conftest.c >&5
configure:10233: $? = 0
configure:10246: result: yes
configure:10275: checking if gcc static flag -static works
configure:10303: result: no
configure:10318: checking if gcc supports -c -o file.o
configure:10339: gcc -c -g -O2  -o out/conftest2.o conftest.c >&5
configure:10343: $? = 0
configure:10365: result: yes
configure:10373: checking if gcc supports -c -o file.o
configure:10420: result: yes
configure:10453: checking whether the gcc linker (/Library/Developer/CommandLineTools/usr/bin/ld) supports shared libraries
configure:11610: result: yes
configure:11850: checking dynamic linker characteristics
configure:12584: result: darwin16.4.0 dyld
configure:12691: checking how to hardcode library paths into programs
configure:12716: result: immediate
configure:13256: checking whether stripping libraries is possible
configure:13270: result: yes
configure:13296: checking if libtool supports shared libraries
configure:13298: result: yes
configure:13301: checking whether to build shared libraries
configure:13322: result: yes
configure:13325: checking whether to build static libraries
configure:13329: result: yes
configure:13638: checking oniguruma.h usability
configure:13638: gcc -c -g -O2  conftest.c >&5
configure:13638: $? = 0
configure:13638: result: yes
configure:13638: checking oniguruma.h presence
configure:13638: gcc -E  conftest.c
configure:13638: $? = 0
configure:13638: result: yes
configure:13638: checking for oniguruma.h
configure:13638: result: yes
configure:13640: checking for onig_version in -lonig
configure:13665: gcc -o conftest -g -O2   conftest.c -lonig   >&5
configure:13665: $? = 0
configure:13674: result: yes
configure:13701: checking for valgrind
configure:13731: result: no
configure:13740: WARNING: valgrind is required to test jq.
configure:13745: checking for memmem
configure:13745: gcc -o conftest -g -O2   conftest.c  -lonig >&5
configure:13745: $? = 0
configure:13745: result: yes
configure:13756: checking for mkstemp
configure:13756: gcc -o conftest -g -O2   conftest.c  -lonig >&5
configure:13756: $? = 0
configure:13756: result: yes
configure:13803: checking for bundle
configure:13833: result: no
configure:13842: checking for Ruby dependencies
configure:13851: WARNING: 
configure:13865: result: no
configure:13915: checking for size_t
configure:13915: gcc -c -g -O2  conftest.c >&5
configure:13915: $? = 0
configure:13915: gcc -c -g -O2  conftest.c >&5
conftest.c:62:21: error: expected expression
if (sizeof ((size_t)))
                    ^
1 error generated.
configure:13915: $? = 1
configure: failed program was:
| /* confdefs.h */
| #define PACKAGE_NAME "jq"
| #define PACKAGE_TARNAME "jq"
| #define PACKAGE_VERSION "1.5-1-g940132e-dirty"
| #define PACKAGE_STRING "jq 1.5-1-g940132e-dirty"
| #define PACKAGE_BUGREPORT "https://github.com/stedolan/jq/issues"
| #define PACKAGE_URL "https://stedolan.github.io/jq"
| #define PACKAGE "jq"
| #define VERSION "1.5-1-g940132e-dirty"
| #define STDC_HEADERS 1
| #define HAVE_SYS_TYPES_H 1
| #define HAVE_SYS_STAT_H 1
| #define HAVE_STDLIB_H 1
| #define HAVE_STRING_H 1
| #define HAVE_MEMORY_H 1
| #define HAVE_STRINGS_H 1
| #define HAVE_INTTYPES_H 1
| #define HAVE_STDINT_H 1
| #define HAVE_UNISTD_H 1
| #define HAVE_DLFCN_H 1
| #define LT_OBJDIR ".libs/"
| #define HAVE_ONIGURUMA 1
| #define HAVE_MEMMEM 1
| #define HAVE_MKSTEMP 1
| /* end confdefs.h.  */
| #include <stdio.h>
| #ifdef HAVE_SYS_TYPES_H
| # include <sys/types.h>
| #endif
| #ifdef HAVE_SYS_STAT_H
| # include <sys/stat.h>
| #endif
| #ifdef STDC_HEADERS
| # include <stdlib.h>
| # include <stddef.h>
| #else
| # ifdef HAVE_STDLIB_H
| #  include <stdlib.h>
| # endif
| #endif
| #ifdef HAVE_STRING_H
| # if !defined STDC_HEADERS && defined HAVE_MEMORY_H
| #  include <memory.h>
| # endif
| # include <string.h>
| #endif
| #ifdef HAVE_STRINGS_H
| # include <strings.h>
| #endif
| #ifdef HAVE_INTTYPES_H
| # include <inttypes.h>
| #endif
| #ifdef HAVE_STDINT_H
| # include <stdint.h>
| #endif
| #ifdef HAVE_UNISTD_H
| # include <unistd.h>
| #endif
| int
| main ()
| {
| if (sizeof ((size_t)))
| 	    return 0;
|   ;
|   return 0;
| }
configure:13915: result: yes
configure:13928: checking for working alloca.h
configure:13945: gcc -o conftest -g -O2   conftest.c  -lonig >&5
configure:13945: $? = 0
configure:13953: result: yes
configure:13961: checking for alloca
configure:13998: gcc -o conftest -g -O2   conftest.c  -lonig >&5
configure:13998: $? = 0
configure:14006: result: yes
configure:14117: checking for isatty
configure:14145: gcc -o conftest -g -O2   conftest.c     -lonig >&5
configure:14145: $? = 0
configure:14186: result: yes
configure:14220: checking for _isatty
configure:14248: gcc -o conftest -g -O2   conftest.c     -lonig >&5
conftest.c:29:10: fatal error: 'io.h' file not found
#include <io.h>
         ^
1 error generated.
configure:14248: $? = 1
configure: failed program was:
| /* confdefs.h */
| #define PACKAGE_NAME "jq"
| #define PACKAGE_TARNAME "jq"
| #define PACKAGE_VERSION "1.5-1-g940132e-dirty"
| #define PACKAGE_STRING "jq 1.5-1-g940132e-dirty"
| #define PACKAGE_BUGREPORT "https://github.com/stedolan/jq/issues"
| #define PACKAGE_URL "https://stedolan.github.io/jq"
| #define PACKAGE "jq"
| #define VERSION "1.5-1-g940132e-dirty"
| #define STDC_HEADERS 1
| #define HAVE_SYS_TYPES_H 1
| #define HAVE_SYS_STAT_H 1
| #define HAVE_STDLIB_H 1
| #define HAVE_STRING_H 1
| #define HAVE_MEMORY_H 1
| #define HAVE_STRINGS_H 1
| #define HAVE_INTTYPES_H 1
| #define HAVE_STDINT_H 1
| #define HAVE_UNISTD_H 1
| #define HAVE_DLFCN_H 1
| #define LT_OBJDIR ".libs/"
| #define HAVE_ONIGURUMA 1
| #define HAVE_MEMMEM 1
| #define HAVE_MKSTEMP 1
| #define HAVE_ALLOCA_H 1
| #define HAVE_ALLOCA 1
| #define HAVE_ISATTY 1
| /* end confdefs.h.  */
| #include <io.h>
| int
| main ()
| {
| _isatty(0)
|   ;
|   return 0;
| }
configure:14248: gcc -o conftest -g -O2   conftest.c  -lc   -lonig >&5
conftest.c:29:10: fatal error: 'io.h' file not found
#include <io.h>
         ^
1 error generated.
configure:14248: $? = 1
configure: failed program was:
| /* confdefs.h */
| #define PACKAGE_NAME "jq"
| #define PACKAGE_TARNAME "jq"
| #define PACKAGE_VERSION "1.5-1-g940132e-dirty"
| #define PACKAGE_STRING "jq 1.5-1-g940132e-dirty"
| #define PACKAGE_BUGREPORT "https://github.com/stedolan/jq/issues"
| #define PACKAGE_URL "https://stedolan.github.io/jq"
| #define PACKAGE "jq"
| #define VERSION "1.5-1-g940132e-dirty"
| #define STDC_HEADERS 1
| #define HAVE_SYS_TYPES_H 1
| #define HAVE_SYS_STAT_H 1
| #define HAVE_STDLIB_H 1
| #define HAVE_STRING_H 1
| #define HAVE_MEMORY_H 1
| #define HAVE_STRINGS_H 1
| #define HAVE_INTTYPES_H 1
| #define HAVE_STDINT_H 1
| #define HAVE_UNISTD_H 1
| #define HAVE_DLFCN_H 1
| #define LT_OBJDIR ".libs/"
| #define HAVE_ONIGURUMA 1
| #define HAVE_MEMMEM 1
| #define HAVE_MKSTEMP 1
| #define HAVE_ALLOCA_H 1
| #define HAVE_ALLOCA 1
| #define HAVE_ISATTY 1
| /* end confdefs.h.  */
| #include <io.h>
| int
| main ()
| {
| _isatty(0)
|   ;
|   return 0;
| }
configure:14295: result: no
configure:14323: checking for strptime
configure:14351: gcc -o conftest -g -O2   conftest.c     -lonig >&5
configure:14351: $? = 0
configure:14392: result: yes
configure:14426: checking for strftime
configure:14454: gcc -o conftest -g -O2   conftest.c     -lonig >&5
configure:14454: $? = 0
configure:14495: result: yes
configure:14529: checking for timegm
configure:14557: gcc -o conftest -g -O2   conftest.c     -lonig >&5
configure:14557: $? = 0
configure:14598: result: yes
configure:14632: checking for gmtime_r
configure:14660: gcc -o conftest -g -O2   conftest.c     -lonig >&5
configure:14660: $? = 0
configure:14701: result: yes
configure:14735: checking for gmtime
configure:14763: gcc -o conftest -g -O2   conftest.c     -lonig >&5
configure:14763: $? = 0
configure:14804: result: yes
configure:14838: checking for gettimeofday
configure:14866: gcc -o conftest -g -O2   conftest.c     -lonig >&5
conftest.c:38:1: warning: implicit declaration of function 'gettimeofday' is invalid in C99 [-Wimplicit-function-declaration]
gettimeofday(0, 0)
^
1 warning generated.
configure:14866: $? = 0
configure:14907: result: yes
configure:14937: checking for struct tm.tm_gmtoff
configure:14937: gcc -c -g -O2  conftest.c >&5
configure:14937: $? = 0
configure:14937: result: yes
configure:14945: checking for struct tm.__tm_gmtoff
configure:14945: gcc -c -g -O2  conftest.c >&5
conftest.c:42:13: error: no member named '__tm_gmtoff' in 'struct tm'; did you mean 'tm_gmtoff'?
if (ac_aggr.__tm_gmtoff)
            ^~~~~~~~~~~
            tm_gmtoff
/usr/include/time.h:84:7: note: 'tm_gmtoff' declared here
        long    tm_gmtoff;      /* offset from CUT in seconds */
                ^
1 error generated.
configure:14945: $? = 1
configure: failed program was:
| /* confdefs.h */
| #define PACKAGE_NAME "jq"
| #define PACKAGE_TARNAME "jq"
| #define PACKAGE_VERSION "1.5-1-g940132e-dirty"
| #define PACKAGE_STRING "jq 1.5-1-g940132e-dirty"
| #define PACKAGE_BUGREPORT "https://github.com/stedolan/jq/issues"
| #define PACKAGE_URL "https://stedolan.github.io/jq"
| #define PACKAGE "jq"
| #define VERSION "1.5-1-g940132e-dirty"
| #define STDC_HEADERS 1
| #define HAVE_SYS_TYPES_H 1
| #define HAVE_SYS_STAT_H 1
| #define HAVE_STDLIB_H 1
| #define HAVE_STRING_H 1
| #define HAVE_MEMORY_H 1
| #define HAVE_STRINGS_H 1
| #define HAVE_INTTYPES_H 1
| #define HAVE_STDINT_H 1
| #define HAVE_UNISTD_H 1
| #define HAVE_DLFCN_H 1
| #define LT_OBJDIR ".libs/"
| #define HAVE_ONIGURUMA 1
| #define HAVE_MEMMEM 1
| #define HAVE_MKSTEMP 1
| #define HAVE_ALLOCA_H 1
| #define HAVE_ALLOCA 1
| #define HAVE_ISATTY 1
| #define HAVE_STRPTIME 1
| #define HAVE_STRFTIME 1
| #define HAVE_TIMEGM 1
| #define HAVE_GMTIME_R 1
| #define HAVE_GMTIME 1
| #define HAVE_GETTIMEOFDAY 1
| #define HAVE_TM_TM_GMT_OFF 1
| /* end confdefs.h.  */
| #include <time.h>
| 
| int
| main ()
| {
| static struct tm ac_aggr;
| if (ac_aggr.__tm_gmtoff)
| return 0;
|   ;
|   return 0;
| }
configure:14945: gcc -c -g -O2  conftest.c >&5
conftest.c:42:20: error: no member named '__tm_gmtoff' in 'struct tm'; did you mean 'tm_gmtoff'?
if (sizeof ac_aggr.__tm_gmtoff)
                   ^~~~~~~~~~~
                   tm_gmtoff
/usr/include/time.h:84:7: note: 'tm_gmtoff' declared here
        long    tm_gmtoff;      /* offset from CUT in seconds */
                ^
1 error generated.
configure:14945: $? = 1
configure: failed program was:
| /* confdefs.h */
| #define PACKAGE_NAME "jq"
| #define PACKAGE_TARNAME "jq"
| #define PACKAGE_VERSION "1.5-1-g940132e-dirty"
| #define PACKAGE_STRING "jq 1.5-1-g940132e-dirty"
| #define PACKAGE_BUGREPORT "https://github.com/stedolan/jq/issues"
| #define PACKAGE_URL "https://stedolan.github.io/jq"
| #define PACKAGE "jq"
| #define VERSION "1.5-1-g940132e-dirty"
| #define STDC_HEADERS 1
| #define HAVE_SYS_TYPES_H 1
| #define HAVE_SYS_STAT_H 1
| #define HAVE_STDLIB_H 1
| #define HAVE_STRING_H 1
| #define HAVE_MEMORY_H 1
| #define HAVE_STRINGS_H 1
| #define HAVE_INTTYPES_H 1
| #define HAVE_STDINT_H 1
| #define HAVE_UNISTD_H 1
| #define HAVE_DLFCN_H 1
| #define LT_OBJDIR ".libs/"
| #define HAVE_ONIGURUMA 1
| #define HAVE_MEMMEM 1
| #define HAVE_MKSTEMP 1
| #define HAVE_ALLOCA_H 1
| #define HAVE_ALLOCA 1
| #define HAVE_ISATTY 1
| #define HAVE_STRPTIME 1
| #define HAVE_STRFTIME 1
| #define HAVE_TIMEGM 1
| #define HAVE_GMTIME_R 1
| #define HAVE_GMTIME 1
| #define HAVE_GETTIMEOFDAY 1
| #define HAVE_TM_TM_GMT_OFF 1
| /* end confdefs.h.  */
| #include <time.h>
| 
| int
| main ()
| {
| static struct tm ac_aggr;
| if (sizeof ac_aggr.__tm_gmtoff)
| return 0;
|   ;
|   return 0;
| }
configure:14945: result: no
configure:15278: checking for acos
configure:15306: gcc -o conftest -g -O2   conftest.c     -lonig >&5
conftest.c:40:1: warning: ignoring return value of function declared with const attribute [-Wunused-value]
acos(.5)
^~~~ ~~
1 warning generated.
configure:15306: $? = 0
configure:15347: result: yes
configure:15378: checking for acosh
configure:15406: gcc -o conftest -g -O2   conftest.c     -lonig >&5
conftest.c:41:1: warning: ignoring return value of function declared with const attribute [-Wunused-value]
acosh(.5)
^~~~~ ~~
1 warning generated.
configure:15406: $? = 0
configure:15447: result: yes
configure:15478: checking for asin
configure:15506: gcc -o conftest -g -O2   conftest.c     -lonig >&5
conftest.c:42:1: warning: ignoring return value of function declared with const attribute [-Wunused-value]
asin(.5)
^~~~ ~~
1 warning generated.
configure:15506: $? = 0
configure:15547: result: yes
configure:15578: checking for asinh
configure:15606: gcc -o conftest -g -O2   conftest.c     -lonig >&5
conftest.c:43:1: warning: ignoring return value of function declared with const attribute [-Wunused-value]
asinh(.5)
^~~~~ ~~
1 warning generated.
configure:15606: $? = 0
configure:15647: result: yes
configure:15678: checking for atan
configure:15706: gcc -o conftest -g -O2   conftest.c     -lonig >&5
conftest.c:44:1: warning: ignoring return value of function declared with const attribute [-Wunused-value]
atan(.5)
^~~~ ~~
1 warning generated.
configure:15706: $? = 0
configure:15747: result: yes
configure:15778: checking for atanh
configure:15806: gcc -o conftest -g -O2   conftest.c     -lonig >&5
conftest.c:45:1: warning: ignoring return value of function declared with const attribute [-Wunused-value]
atanh(.5)
^~~~~ ~~
1 warning generated.
configure:15806: $? = 0
configure:15847: result: yes
configure:15878: checking for cbrt
configure:15906: gcc -o conftest -g -O2   conftest.c     -lonig >&5
conftest.c:46:1: warning: ignoring return value of function declared with const attribute [-Wunused-value]
cbrt(.5)
^~~~ ~~
1 warning generated.
configure:15906: $? = 0
configure:15947: result: yes
configure:15978: checking for cos
configure:16006: gcc -o conftest -g -O2   conftest.c     -lonig >&5
conftest.c:47:1: warning: ignoring return value of function declared with const attribute [-Wunused-value]
cos(.5)
^~~ ~~
1 warning generated.
configure:16006: $? = 0
configure:16047: result: yes
configure:16078: checking for cosh
configure:16106: gcc -o conftest -g -O2   conftest.c     -lonig >&5
conftest.c:48:1: warning: ignoring return value of function declared with const attribute [-Wunused-value]
cosh(.5)
^~~~ ~~
1 warning generated.
configure:16106: $? = 0
configure:16147: result: yes
configure:16178: checking for exp2
configure:16206: gcc -o conftest -g -O2   conftest.c     -lonig >&5
conftest.c:49:1: warning: ignoring return value of function declared with const attribute [-Wunused-value]
exp2(.5)
^~~~ ~~
1 warning generated.
configure:16206: $? = 0
configure:16247: result: yes
configure:16278: checking for exp
configure:16306: gcc -o conftest -g -O2   conftest.c     -lonig >&5
conftest.c:50:1: warning: ignoring return value of function declared with const attribute [-Wunused-value]
exp(.5)
^~~ ~~
1 warning generated.
configure:16306: $? = 0
configure:16347: result: yes
configure:16378: checking for floor
configure:16406: gcc -o conftest -g -O2   conftest.c     -lonig >&5
conftest.c:51:1: warning: ignoring return value of function declared with const attribute [-Wunused-value]
floor(.5)
^~~~~ ~~
1 warning generated.
configure:16406: $? = 0
configure:16447: result: yes
configure:16478: checking for j0
configure:16506: gcc -o conftest -g -O2   conftest.c     -lonig >&5
configure:16506: $? = 0
configure:16547: result: yes
configure:16578: checking for j1
configure:16606: gcc -o conftest -g -O2   conftest.c     -lonig >&5
configure:16606: $? = 0
configure:16647: result: yes
configure:16678: checking for log10
configure:16706: gcc -o conftest -g -O2   conftest.c     -lonig >&5
conftest.c:54:1: warning: ignoring return value of function declared with const attribute [-Wunused-value]
log10(.5)
^~~~~ ~~
1 warning generated.
configure:16706: $? = 0
configure:16747: result: yes
configure:16778: checking for log2
configure:16806: gcc -o conftest -g -O2   conftest.c     -lonig >&5
conftest.c:55:1: warning: ignoring return value of function declared with const attribute [-Wunused-value]
log2(.5)
^~~~ ~~
1 warning generated.
configure:16806: $? = 0
configure:16847: result: yes
configure:16878: checking for log
configure:16906: gcc -o conftest -g -O2   conftest.c     -lonig >&5
conftest.c:56:1: warning: ignoring return value of function declared with const attribute [-Wunused-value]
log(.5)
^~~ ~~
1 warning generated.
configure:16906: $? = 0
configure:16947: result: yes
configure:16978: checking for sin
configure:17006: gcc -o conftest -g -O2   conftest.c     -lonig >&5
conftest.c:57:1: warning: ignoring return value of function declared with const attribute [-Wunused-value]
sin(.5)
^~~ ~~
1 warning generated.
configure:17006: $? = 0
configure:17047: result: yes
configure:17078: checking for sinh
configure:17106: gcc -o conftest -g -O2   conftest.c     -lonig >&5
conftest.c:58:1: warning: ignoring return value of function declared with const attribute [-Wunused-value]
sinh(.5)
^~~~ ~~
1 warning generated.
configure:17106: $? = 0
configure:17147: result: yes
configure:17178: checking for sqrt
configure:17206: gcc -o conftest -g -O2   conftest.c     -lonig >&5
conftest.c:59:1: warning: ignoring return value of function declared with const attribute [-Wunused-value]
sqrt(.5)
^~~~ ~~
1 warning generated.
configure:17206: $? = 0
configure:17247: result: yes
configure:17278: checking for tan
configure:17306: gcc -o conftest -g -O2   conftest.c     -lonig >&5
conftest.c:60:1: warning: ignoring return value of function declared with const attribute [-Wunused-value]
tan(.5)
^~~ ~~
1 warning generated.
configure:17306: $? = 0
configure:17347: result: yes
configure:17378: checking for tanh
configure:17406: gcc -o conftest -g -O2   conftest.c     -lonig >&5
conftest.c:61:1: warning: ignoring return value of function declared with const attribute [-Wunused-value]
tanh(.5)
^~~~ ~~
1 warning generated.
configure:17406: $? = 0
configure:17447: result: yes
configure:17478: checking for tgamma
configure:17506: gcc -o conftest -g -O2   conftest.c     -lonig >&5
conftest.c:62:1: warning: ignoring return value of function declared with const attribute [-Wunused-value]
tgamma(.5)
^~~~~~ ~~
1 warning generated.
configure:17506: $? = 0
configure:17547: result: yes
configure:17578: checking for y0
configure:17606: gcc -o conftest -g -O2   conftest.c     -lonig >&5
configure:17606: $? = 0
configure:17647: result: yes
configure:17678: checking for y1
configure:17706: gcc -o conftest -g -O2   conftest.c     -lonig >&5
configure:17706: $? = 0
configure:17747: result: yes
configure:17778: checking for pow
configure:17806: gcc -o conftest -g -O2   conftest.c     -lonig >&5
conftest.c:65:1: warning: ignoring return value of function declared with const attribute [-Wunused-value]
pow(2,2)
^~~ ~~~
1 warning generated.
configure:17806: $? = 0
configure:17847: result: yes
configure:17878: checking for atan2
configure:17906: gcc -o conftest -g -O2   conftest.c     -lonig >&5
conftest.c:66:1: warning: ignoring return value of function declared with const attribute [-Wunused-value]
atan2(.5,.5)
^~~~~ ~~~~~
1 warning generated.
configure:17906: $? = 0
configure:17947: result: yes
configure:17978: checking for hypot
configure:18006: gcc -o conftest -g -O2   conftest.c     -lonig >&5
conftest.c:67:1: warning: ignoring return value of function declared with const attribute [-Wunused-value]
hypot(.5,.5)
^~~~~ ~~~~~
1 warning generated.
configure:18006: $? = 0
configure:18047: result: yes
configure:18078: checking for remainder
configure:18106: gcc -o conftest -g -O2   conftest.c     -lonig >&5
conftest.c:68:1: warning: ignoring return value of function declared with const attribute [-Wunused-value]
remainder(3,2)
^~~~~~~~~ ~~~
1 warning generated.
configure:18106: $? = 0
configure:18147: result: yes
configure:18176: checking for thread-local storage
configure:18185: gcc -o conftest -g -O2   conftest.c  -lonig >&5
configure:18185: $? = 0
configure:18195: result: yes
configure:18198: checking whether byte ordering is bigendian
configure:18213: gcc -c -g -O2  conftest.c >&5
configure:18213: $? = 0
configure:18258: gcc -c -g -O2  conftest.c >&5
configure:18258: $? = 0
configure:18276: gcc -c -g -O2  conftest.c >&5
conftest.c:73:4: error: use of undeclared identifier 'not'
                 not big endian
                 ^
1 error generated.
configure:18276: $? = 1
configure: failed program was:
| /* confdefs.h */
| #define PACKAGE_NAME "jq"
| #define PACKAGE_TARNAME "jq"
| #define PACKAGE_VERSION "1.5-1-g940132e-dirty"
| #define PACKAGE_STRING "jq 1.5-1-g940132e-dirty"
| #define PACKAGE_BUGREPORT "https://github.com/stedolan/jq/issues"
| #define PACKAGE_URL "https://stedolan.github.io/jq"
| #define PACKAGE "jq"
| #define VERSION "1.5-1-g940132e-dirty"
| #define STDC_HEADERS 1
| #define HAVE_SYS_TYPES_H 1
| #define HAVE_SYS_STAT_H 1
| #define HAVE_STDLIB_H 1
| #define HAVE_STRING_H 1
| #define HAVE_MEMORY_H 1
| #define HAVE_STRINGS_H 1
| #define HAVE_INTTYPES_H 1
| #define HAVE_STDINT_H 1
| #define HAVE_UNISTD_H 1
| #define HAVE_DLFCN_H 1
| #define LT_OBJDIR ".libs/"
| #define HAVE_ONIGURUMA 1
| #define HAVE_MEMMEM 1
| #define HAVE_MKSTEMP 1
| #define HAVE_ALLOCA_H 1
| #define HAVE_ALLOCA 1
| #define HAVE_ISATTY 1
| #define HAVE_STRPTIME 1
| #define HAVE_STRFTIME 1
| #define HAVE_TIMEGM 1
| #define HAVE_GMTIME_R 1
| #define HAVE_GMTIME 1
| #define HAVE_GETTIMEOFDAY 1
| #define HAVE_TM_TM_GMT_OFF 1
| #define HAVE_ACOS 1
| #define HAVE_ACOSH 1
| #define HAVE_ASIN 1
| #define HAVE_ASINH 1
| #define HAVE_ATAN 1
| #define HAVE_ATANH 1
| #define HAVE_CBRT 1
| #define HAVE_COS 1
| #define HAVE_COSH 1
| #define HAVE_EXP2 1
| #define HAVE_EXP 1
| #define HAVE_FLOOR 1
| #define HAVE_J0 1
| #define HAVE_J1 1
| #define HAVE_LOG10 1
| #define HAVE_LOG2 1
| #define HAVE_LOG 1
| #define HAVE_SIN 1
| #define HAVE_SINH 1
| #define HAVE_SQRT 1
| #define HAVE_TAN 1
| #define HAVE_TANH 1
| #define HAVE_TGAMMA 1
| #define HAVE_Y0 1
| #define HAVE_Y1 1
| #define HAVE_POW 1
| #define HAVE_ATAN2 1
| #define HAVE_HYPOT 1
| #define HAVE_REMAINDER 1
| #define HAVE___THREAD 1
| /* end confdefs.h.  */
| #include <sys/types.h>
| 		#include <sys/param.h>
| 
| int
| main ()
| {
| #if BYTE_ORDER != BIG_ENDIAN
| 		 not big endian
| 		#endif
| 
|   ;
|   return 0;
| }
configure:18404: result: no
configure:18575: checking that generated files are newer than configure
configure:18581: result: done
configure:18632: creating ./config.status

## ---------------------- ##
## Running config.status. ##
## ---------------------- ##

This file was extended by jq config.status 1.5-1-g940132e-dirty, which was
generated by GNU Autoconf 2.69.  Invocation command line was

  CONFIG_FILES    = 
  CONFIG_HEADERS  = 
  CONFIG_LINKS    = 
  CONFIG_COMMANDS = 
  $ ./config.status 

on Jareds-MacBook-Pro.local

config.status:1071: creating Makefile
config.status:1243: executing depfiles commands
config.status:1243: executing libtool commands

## ---------------- ##
## Cache variables. ##
## ---------------- ##

ac_cv_build=x86_64-apple-darwin16.4.0
ac_cv_c_bigendian=no
ac_cv_c_compiler_gnu=yes
ac_cv_env_CC_set=
ac_cv_env_CC_value=
ac_cv_env_CFLAGS_set=
ac_cv_env_CFLAGS_value=
ac_cv_env_CPPFLAGS_set=
ac_cv_env_CPPFLAGS_value=
ac_cv_env_CPP_set=
ac_cv_env_CPP_value=
ac_cv_env_LDFLAGS_set=
ac_cv_env_LDFLAGS_value=
ac_cv_env_LIBS_set=
ac_cv_env_LIBS_value=
ac_cv_env_YACC_set=
ac_cv_env_YACC_value=
ac_cv_env_YFLAGS_set=
ac_cv_env_YFLAGS_value=
ac_cv_env_build_alias_set=
ac_cv_env_build_alias_value=
ac_cv_env_host_alias_set=
ac_cv_env_host_alias_value=
ac_cv_env_target_alias_set=
ac_cv_env_target_alias_value=
ac_cv_func__isatty=no
ac_cv_func_acos=yes
ac_cv_func_acosh=yes
ac_cv_func_alloca_works=yes
ac_cv_func_asin=yes
ac_cv_func_asinh=yes
ac_cv_func_atan2=yes
ac_cv_func_atan=yes
ac_cv_func_atanh=yes
ac_cv_func_cbrt=yes
ac_cv_func_cos=yes
ac_cv_func_cosh=yes
ac_cv_func_exp2=yes
ac_cv_func_exp=yes
ac_cv_func_floor=yes
ac_cv_func_gettimeofday=yes
ac_cv_func_gmtime=yes
ac_cv_func_gmtime_r=yes
ac_cv_func_hypot=yes
ac_cv_func_isatty=yes
ac_cv_func_j0=yes
ac_cv_func_j1=yes
ac_cv_func_log10=yes
ac_cv_func_log2=yes
ac_cv_func_log=yes
ac_cv_func_memmem=yes
ac_cv_func_mkstemp=yes
ac_cv_func_pow=yes
ac_cv_func_remainder=yes
ac_cv_func_sin=yes
ac_cv_func_sinh=yes
ac_cv_func_sqrt=yes
ac_cv_func_strftime=yes
ac_cv_func_strptime=yes
ac_cv_func_tan=yes
ac_cv_func_tanh=yes
ac_cv_func_tgamma=yes
ac_cv_func_timegm=yes
ac_cv_func_y0=yes
ac_cv_func_y1=yes
ac_cv_funclib__isatty=no
ac_cv_funclib_acos=yes
ac_cv_funclib_acosh=yes
ac_cv_funclib_asin=yes
ac_cv_funclib_asinh=yes
ac_cv_funclib_atan2=yes
ac_cv_funclib_atan=yes
ac_cv_funclib_atanh=yes
ac_cv_funclib_cbrt=yes
ac_cv_funclib_cos=yes
ac_cv_funclib_cosh=yes
ac_cv_funclib_exp2=yes
ac_cv_funclib_exp=yes
ac_cv_funclib_floor=yes
ac_cv_funclib_gettimeofday=yes
ac_cv_funclib_gmtime=yes
ac_cv_funclib_gmtime_r=yes
ac_cv_funclib_hypot=yes
ac_cv_funclib_isatty=yes
ac_cv_funclib_j0=yes
ac_cv_funclib_j1=yes
ac_cv_funclib_log10=yes
ac_cv_funclib_log2=yes
ac_cv_funclib_log=yes
ac_cv_funclib_pow=yes
ac_cv_funclib_remainder=yes
ac_cv_funclib_sin=yes
ac_cv_funclib_sinh=yes
ac_cv_funclib_sqrt=yes
ac_cv_funclib_strftime=yes
ac_cv_funclib_strptime=yes
ac_cv_funclib_tan=yes
ac_cv_funclib_tanh=yes
ac_cv_funclib_tgamma=yes
ac_cv_funclib_timegm=yes
ac_cv_funclib_y0=yes
ac_cv_funclib_y1=yes
ac_cv_header_dlfcn_h=yes
ac_cv_header_inttypes_h=yes
ac_cv_header_memory_h=yes
ac_cv_header_oniguruma_h=yes
ac_cv_header_stdc=yes
ac_cv_header_stdint_h=yes
ac_cv_header_stdlib_h=yes
ac_cv_header_string_h=yes
ac_cv_header_strings_h=yes
ac_cv_header_sys_stat_h=yes
ac_cv_header_sys_types_h=yes
ac_cv_header_unistd_h=yes
ac_cv_host=x86_64-apple-darwin16.4.0
ac_cv_lib_onig_onig_version=yes
ac_cv_member_struct_tm___tm_gmtoff=no
ac_cv_member_struct_tm_tm_gmtoff=yes
ac_cv_objext=o
ac_cv_path_EGREP='/usr/bin/grep -E'
ac_cv_path_FGREP='/usr/bin/grep -F'
ac_cv_path_GREP=/usr/bin/grep
ac_cv_path_SED=/usr/bin/sed
ac_cv_path_install='/usr/bin/install -c'
ac_cv_prog_AWK=awk
ac_cv_prog_CPP='gcc -E'
ac_cv_prog_YACC='bison -y'
ac_cv_prog_ac_ct_AR=ar
ac_cv_prog_ac_ct_CC=gcc
ac_cv_prog_ac_ct_DSYMUTIL=dsymutil
ac_cv_prog_ac_ct_LIPO=lipo
ac_cv_prog_ac_ct_NMEDIT=nmedit
ac_cv_prog_ac_ct_OBJDUMP=objdump
ac_cv_prog_ac_ct_OTOOL=otool
ac_cv_prog_ac_ct_RANLIB=ranlib
ac_cv_prog_ac_ct_STRIP=strip
ac_cv_prog_cc_c89=
ac_cv_prog_cc_c99=
ac_cv_prog_cc_g=yes
ac_cv_prog_cc_stdc=
ac_cv_prog_make_make_set=yes
ac_cv_type_size_t=yes
ac_cv_working_alloca_h=yes
am_cv_CC_dependencies_compiler_type=gcc3
am_cv_ar_interface=ar
am_cv_make_support_nested_variables=yes
am_cv_prog_cc_c_o=yes
jq_cv_ruby_deps=no
lt_cv_apple_cc_single_mod=yes
lt_cv_ar_at_file=no
lt_cv_deplibs_check_method=pass_all
lt_cv_file_magic_cmd='$MAGIC_CMD'
lt_cv_file_magic_test_file=
lt_cv_ld_exported_symbols_list=yes
lt_cv_ld_force_load=yes
lt_cv_ld_reload_flag=-r
lt_cv_nm_interface='BSD nm'
lt_cv_objdir=.libs
lt_cv_path_LD=/Library/Developer/CommandLineTools/usr/bin/ld
lt_cv_path_NM='/usr/bin/nm -B'
lt_cv_path_mainfest_tool=no
lt_cv_prog_compiler_c_o=yes
lt_cv_prog_compiler_pic='-fno-common -DPIC'
lt_cv_prog_compiler_pic_works=yes
lt_cv_prog_compiler_rtti_exceptions=yes
lt_cv_prog_compiler_static_works=no
lt_cv_prog_gnu_ld=no
lt_cv_sharedlib_from_linklib_cmd='printf %s\n'
lt_cv_sys_global_symbol_pipe='sed -n -e '\''s/^.*[	 ]\([BCDEGRST][BCDEGRST]*\)[	 ][	 ]*_\([_A-Za-z][_A-Za-z0-9]*\)$/\1 _\2 \2/p'\'' | sed '\''/ __gnu_lto/d'\'''
lt_cv_sys_global_symbol_to_c_name_address='sed -n -e '\''s/^: \([^ ]*\)[ ]*$/  {\"\1\", (void *) 0},/p'\'' -e '\''s/^[BCDEGRST]* \([^ ]*\) \([^ ]*\)$/  {"\2", (void *) \&\2},/p'\'''
lt_cv_sys_global_symbol_to_c_name_address_lib_prefix='sed -n -e '\''s/^: \([^ ]*\)[ ]*$/  {\"\1\", (void *) 0},/p'\'' -e '\''s/^[BCDEGRST]* \([^ ]*\) \(lib[^ ]*\)$/  {"\2", (void *) \&\2},/p'\'' -e '\''s/^[BCDEGRST]* \([^ ]*\) \([^ ]*\)$/  {"lib\2", (void *) \&\2},/p'\'''
lt_cv_sys_global_symbol_to_cdecl='sed -n -e '\''s/^T .* \(.*\)$/extern int \1();/p'\'' -e '\''s/^[BCDEGRST]* .* \(.*\)$/extern char \1;/p'\'''
lt_cv_sys_max_cmd_len=196608
lt_cv_to_host_file_cmd=func_convert_file_noop
lt_cv_to_tool_file_cmd=func_convert_file_noop

## ----------------- ##
## Output variables. ##
## ----------------- ##

ACLOCAL='${SHELL} /Users/evanjohnson/wtf/src/jq-jq-1.5-vuln/config/missing aclocal-1.14'
ALLOCA=''
AMDEPBACKSLASH='\'
AMDEP_FALSE='#'
AMDEP_TRUE=''
AMTAR='$${TAR-tar}'
AM_BACKSLASH='\'
AM_DEFAULT_V='$(AM_DEFAULT_VERBOSITY)'
AM_DEFAULT_VERBOSITY='0'
AM_V='$(V)'
AR='ar'
AS='as'
AUTOCONF='${SHELL} /Users/evanjohnson/wtf/src/jq-jq-1.5-vuln/config/missing autoconf'
AUTOHEADER='${SHELL} /Users/evanjohnson/wtf/src/jq-jq-1.5-vuln/config/missing autoheader'
AUTOMAKE='${SHELL} /Users/evanjohnson/wtf/src/jq-jq-1.5-vuln/config/missing automake-1.14'
AWK='awk'
BISON_VERSION=''
BUNDLER=''
CC='gcc'
CCDEPMODE='depmode=gcc3'
CFLAGS='-g -O2'
CPP='gcc -E'
CPPFLAGS=''
CYGPATH_W='echo'
DEFS='-DPACKAGE_NAME=\"jq\" -DPACKAGE_TARNAME=\"jq\" -DPACKAGE_VERSION=\"1.5-1-g940132e-dirty\" -DPACKAGE_STRING=\"jq\ 1.5-1-g940132e-dirty\" -DPACKAGE_BUGREPORT=\"https://github.com/stedolan/jq/issues\" -DPACKAGE_URL=\"https://stedolan.github.io/jq\" -DPACKAGE=\"jq\" -DVERSION=\"1.5-1-g940132e-dirty\" -DSTDC_HEADERS=1 -DHAVE_SYS_TYPES_H=1 -DHAVE_SYS_STAT_H=1 -DHAVE_STDLIB_H=1 -DHAVE_STRING_H=1 -DHAVE_MEMORY_H=1 -DHAVE_STRINGS_H=1 -DHAVE_INTTYPES_H=1 -DHAVE_STDINT_H=1 -DHAVE_UNISTD_H=1 -DHAVE_DLFCN_H=1 -DLT_OBJDIR=\".libs/\" -DHAVE_ONIGURUMA=1 -DHAVE_MEMMEM=1 -DHAVE_MKSTEMP=1 -DHAVE_ALLOCA_H=1 -DHAVE_ALLOCA=1 -DHAVE_ISATTY=1 -DHAVE_STRPTIME=1 -DHAVE_STRFTIME=1 -DHAVE_TIMEGM=1 -DHAVE_GMTIME_R=1 -DHAVE_GMTIME=1 -DHAVE_GETTIMEOFDAY=1 -DHAVE_TM_TM_GMT_OFF=1 -DHAVE_ACOS=1 -DHAVE_ACOSH=1 -DHAVE_ASIN=1 -DHAVE_ASINH=1 -DHAVE_ATAN=1 -DHAVE_ATANH=1 -DHAVE_CBRT=1 -DHAVE_COS=1 -DHAVE_COSH=1 -DHAVE_EXP2=1 -DHAVE_EXP=1 -DHAVE_FLOOR=1 -DHAVE_J0=1 -DHAVE_J1=1 -DHAVE_LOG10=1 -DHAVE_LOG2=1 -DHAVE_LOG=1 -DHAVE_SIN=1 -DHAVE_SINH=1 -DHAVE_SQRT=1 -DHAVE_TAN=1 -DHAVE_TANH=1 -DHAVE_TGAMMA=1 -DHAVE_Y0=1 -DHAVE_Y1=1 -DHAVE_POW=1 -DHAVE_ATAN2=1 -DHAVE_HYPOT=1 -DHAVE_REMAINDER=1 -DHAVE___THREAD=1 -DIEEE_8087=1'
DEPDIR='.deps'
DLLTOOL='false'
DSYMUTIL='dsymutil'
DUMPBIN=''
ECHO_C='\c'
ECHO_N=''
ECHO_T=''
EGREP='/usr/bin/grep -E'
ENABLE_ALL_STATIC_FALSE=''
ENABLE_ALL_STATIC_TRUE='#'
ENABLE_DOCS_FALSE=''
ENABLE_DOCS_TRUE='#'
ENABLE_ERROR_INJECTION_FALSE=''
ENABLE_ERROR_INJECTION_TRUE='#'
ENABLE_GCOV_FALSE=''
ENABLE_GCOV_TRUE='#'
ENABLE_VALGRIND_FALSE='#'
ENABLE_VALGRIND_TRUE=''
EXEEXT=''
FGREP='/usr/bin/grep -F'
GREP='/usr/bin/grep'
INSTALL_DATA='${INSTALL} -m 644'
INSTALL_PROGRAM='${INSTALL}'
INSTALL_SCRIPT='${INSTALL}'
INSTALL_STRIP_PROGRAM='$(install_sh) -c -s'
LD='/Library/Developer/CommandLineTools/usr/bin/ld'
LDFLAGS=''
LEX=''
LEXLIB=''
LEX_OUTPUT_ROOT=''
LIBOBJS=''
LIBS=' -lonig'
LIBTOOL='$(SHELL) $(top_builddir)/libtool'
LIB__isatty=''
LIB_acos=''
LIB_acosh=''
LIB_asin=''
LIB_asinh=''
LIB_atan2=''
LIB_atan=''
LIB_atanh=''
LIB_atexit=''
LIB_cbrt=''
LIB_cos=''
LIB_cosh=''
LIB_exp2=''
LIB_exp=''
LIB_floor=''
LIB_gettimeofday=''
LIB_gmtime=''
LIB_gmtime_r=''
LIB_hypot=''
LIB_isatty=''
LIB_j0=''
LIB_j1=''
LIB_log10=''
LIB_log2=''
LIB_log=''
LIB_pow=''
LIB_pthread_key_create=''
LIB_pthread_once=''
LIB_remainder=''
LIB_sin=''
LIB_sinh=''
LIB_sqrt=''
LIB_strftime=''
LIB_strptime=''
LIB_tan=''
LIB_tanh=''
LIB_tgamma=''
LIB_timegm=''
LIB_y0=''
LIB_y1=''
LIPO='lipo'
LN_S='ln -s'
LTLIBOBJS=''
MAINT='#'
MAINTAINER_MODE_FALSE=''
MAINTAINER_MODE_TRUE='#'
MAKEINFO='${SHELL} /Users/evanjohnson/wtf/src/jq-jq-1.5-vuln/config/missing makeinfo'
MANIFEST_TOOL=':'
MKDIR_P='config/install-sh -c -d'
NM='/usr/bin/nm -B'
NMEDIT='nmedit'
OBJDUMP='objdump'
OBJEXT='o'
OTOOL64=':'
OTOOL='otool'
PACKAGE='jq'
PACKAGE_BUGREPORT='https://github.com/stedolan/jq/issues'
PACKAGE_NAME='jq'
PACKAGE_STRING='jq 1.5-1-g940132e-dirty'
PACKAGE_TARNAME='jq'
PACKAGE_URL='https://stedolan.github.io/jq'
PACKAGE_VERSION='1.5-1-g940132e-dirty'
PATH_SEPARATOR=':'
RANLIB='ranlib'
SED='/usr/bin/sed'
SET_MAKE=''
SHELL='/bin/sh'
STRIP='strip'
VERSION='1.5-1-g940132e-dirty'
YACC='bison -y'
YFLAGS=''
ac_ct_AR='ar'
ac_ct_CC='gcc'
ac_ct_DUMPBIN=''
am__EXEEXT_FALSE=''
am__EXEEXT_TRUE='#'
am__fastdepCC_FALSE='#'
am__fastdepCC_TRUE=''
am__include='include'
am__isrc=''
am__leading_dot='.'
am__nodep='_no'
am__quote=''
am__tar='$${TAR-tar} chof - "$$tardir"'
am__untar='$${TAR-tar} xf -'
bindir='${exec_prefix}/bin'
build='x86_64-apple-darwin16.4.0'
build_alias=''
build_cpu='x86_64'
build_os='darwin16.4.0'
build_vendor='apple'
bundle_cmd=''
datadir='${datarootdir}'
datarootdir='${prefix}/share'
docdir='${datarootdir}/doc/${PACKAGE_TARNAME}'
dvidir='${docdir}'
exec_prefix='${prefix}'
host='x86_64-apple-darwin16.4.0'
host_alias=''
host_cpu='x86_64'
host_os='darwin16.4.0'
host_vendor='apple'
htmldir='${docdir}'
includedir='${prefix}/include'
infodir='${datarootdir}/info'
install_sh='${SHELL} /Users/evanjohnson/wtf/src/jq-jq-1.5-vuln/config/install-sh'
libdir='${exec_prefix}/lib'
libexecdir='${exec_prefix}/libexec'
localedir='${datarootdir}/locale'
localstatedir='${prefix}/var'
mandir='${datarootdir}/man'
mkdir_p='$(MKDIR_P)'
oldincludedir='/usr/include'
pdfdir='${docdir}'
prefix='/usr/local'
program_transform_name='s,x,x,'
psdir='${docdir}'
sbindir='${exec_prefix}/sbin'
sharedstatedir='${prefix}/com'
sysconfdir='${prefix}/etc'
target_alias=''
valgrind_cmd=''

## ----------- ##
## confdefs.h. ##
## ----------- ##

/* confdefs.h */
#define PACKAGE_NAME "jq"
#define PACKAGE_TARNAME "jq"
#define PACKAGE_VERSION "1.5-1-g940132e-dirty"
#define PACKAGE_STRING "jq 1.5-1-g940132e-dirty"
#define PACKAGE_BUGREPORT "https://github.com/stedolan/jq/issues"
#define PACKAGE_URL "https://stedolan.github.io/jq"
#define PACKAGE "jq"
#define VERSION "1.5-1-g940132e-dirty"
#define STDC_HEADERS 1
#define HAVE_SYS_TYPES_H 1
#define HAVE_SYS_STAT_H 1
#define HAVE_STDLIB_H 1
#define HAVE_STRING_H 1
#define HAVE_MEMORY_H 1
#define HAVE_STRINGS_H 1
#define HAVE_INTTYPES_H 1
#define HAVE_STDINT_H 1
#define HAVE_UNISTD_H 1
#define HAVE_DLFCN_H 1
#define LT_OBJDIR ".libs/"
#define HAVE_ONIGURUMA 1
#define HAVE_MEMMEM 1
#define HAVE_MKSTEMP 1
#define HAVE_ALLOCA_H 1
#define HAVE_ALLOCA 1
#define HAVE_ISATTY 1
#define HAVE_STRPTIME 1
#define HAVE_STRFTIME 1
#define HAVE_TIMEGM 1
#define HAVE_GMTIME_R 1
#define HAVE_GMTIME 1
#define HAVE_GETTIMEOFDAY 1
#define HAVE_TM_TM_GMT_OFF 1
#define HAVE_ACOS 1
#define HAVE_ACOSH 1
#define HAVE_ASIN 1
#define HAVE_ASINH 1
#define HAVE_ATAN 1
#define HAVE_ATANH 1
#define HAVE_CBRT 1
#define HAVE_COS 1
#define HAVE_COSH 1
#define HAVE_EXP2 1
#define HAVE_EXP 1
#define HAVE_FLOOR 1
#define HAVE_J0 1
#define HAVE_J1 1
#define HAVE_LOG10 1
#define HAVE_LOG2 1
#define HAVE_LOG 1
#define HAVE_SIN 1
#define HAVE_SINH 1
#define HAVE_SQRT 1
#define HAVE_TAN 1
#define HAVE_TANH 1
#define HAVE_TGAMMA 1
#define HAVE_Y0 1
#define HAVE_Y1 1
#define HAVE_POW 1
#define HAVE_ATAN2 1
#define HAVE_HYPOT 1
#define HAVE_REMAINDER 1
#define HAVE___THREAD 1
#define IEEE_8087 1

configure: exit 0
