This file contains any messages produced by compilers while
running configure, to aid debugging if configure makes a mistake.

It was created by configure, which was
generated by GNU Autoconf 2.61.  Invocation command line was

  $ ./configure 

## --------- ##
## Platform. ##
## --------- ##

hostname = Jareds-MacBook-Pro.local
uname -m = x86_64
uname -r = 16.4.0
uname -s = Darwin
uname -v = Darwin Kernel Version 16.4.0: Thu Dec 22 22:53:21 PST 2016; root:xnu-3789.41.3~3/RELEASE_X86_64

/usr/bin/uname -p = i386
/bin/uname -X     = unknown

/bin/arch              = unknown
/usr/bin/arch -k       = unknown
/usr/convex/getsysinfo = unknown
/usr/bin/hostinfo      = Mach kernel version:
	 Darwin Kernel Version 16.4.0: Thu Dec 22 22:53:21 PST 2016; root:xnu-3789.41.3~3/RELEASE_X86_64
Kernel configured for up to 4 processors.
2 processors are physically available.
4 processors are logically available.
Processor type: x86_64h (Intel x86-64h Haswell)
Processors active: 0 1 2 3
Primary memory available: 16.00 gigabytes
Default processor set: 392 tasks, 2203 threads, 4 processors
Load average: 2.00, Mach factor: 1.99
/bin/machine           = unknown
/usr/bin/oslevel       = unknown
/bin/universe          = unknown

PATH: /Users/evanjohnson/go/bin
PATH: /Users/evanjohnson/bin
PATH: /usr/local/go/bin
PATH: /usr/local/bin
PATH: /usr/bin
PATH: /bin
PATH: /usr/sbin
PATH: /sbin


## ----------- ##
## Core tests. ##
## ----------- ##

configure:1851: checking for a BSD-compatible install
configure:1907: result: /usr/bin/install -c
configure:1918: checking whether build environment is sane
configure:1961: result: yes
configure:2026: checking for gawk
configure:2056: result: no
configure:2026: checking for mawk
configure:2056: result: no
configure:2026: checking for nawk
configure:2056: result: no
configure:2026: checking for awk
configure:2042: found /usr/bin/awk
configure:2053: result: awk
configure:2064: checking whether make sets $(MAKE)
configure:2085: result: yes
configure:2401: checking for a BSD-compatible install
configure:2457: result: /usr/bin/install -c
configure:2516: checking for gcc
configure:2532: found /usr/bin/gcc
configure:2543: result: gcc
configure:2781: checking for C compiler version
configure:2788: gcc --version >&5
Configured with: --prefix=/Library/Developer/CommandLineTools/usr --with-gxx-include-dir=/usr/include/c++/4.2.1
Apple LLVM version 8.1.0 (clang-802.0.42)
Target: x86_64-apple-darwin16.4.0
Thread model: posix
InstalledDir: /Library/Developer/CommandLineTools/usr/bin
configure:2791: $? = 0
configure:2798: gcc -v >&5
Configured with: --prefix=/Library/Developer/CommandLineTools/usr --with-gxx-include-dir=/usr/include/c++/4.2.1
Apple LLVM version 8.1.0 (clang-802.0.42)
Target: x86_64-apple-darwin16.4.0
Thread model: posix
InstalledDir: /Library/Developer/CommandLineTools/usr/bin
configure:2801: $? = 0
configure:2808: gcc -V >&5
clang: error: argument to '-V' is missing (expected 1 value)
clang: error: no input files
configure:2811: $? = 1
configure:2834: checking for C compiler default output file name
configure:2861: gcc    conftest.c  >&5
configure:2864: $? = 0
configure:2902: result: a.out
configure:2919: checking whether the C compiler works
configure:2929: ./a.out
configure:2932: $? = 0
configure:2949: result: yes
configure:2956: checking whether we are cross compiling
configure:2958: result: no
configure:2961: checking for suffix of executables
configure:2968: gcc -o conftest    conftest.c  >&5
configure:2971: $? = 0
configure:2995: result: 
configure:3001: checking for suffix of object files
configure:3027: gcc -c   conftest.c >&5
configure:3030: $? = 0
configure:3053: result: o
configure:3057: checking whether we are using the GNU C compiler
configure:3086: gcc -c   conftest.c >&5
configure:3092: $? = 0
configure:3109: result: yes
configure:3114: checking whether gcc accepts -g
configure:3144: gcc -c -g  conftest.c >&5
configure:3150: $? = 0
configure:3249: result: yes
configure:3266: checking for gcc option to accept ISO C89
configure:3340: gcc  -c -g -O2  conftest.c >&5
configure:3346: $? = 0
configure:3369: result: none needed
configure:3398: checking for style of include used by make
configure:3426: result: GNU
configure:3454: checking dependency style of gcc
configure:3544: result: gcc3
configure:3604: checking for ranlib
configure:3620: found /usr/bin/ranlib
configure:3631: result: ranlib
configure:3669: checking whether NLS is requested
configure:3678: result: yes
configure:3716: checking for msgfmt
configure:3751: result: no
configure:3757: checking for gmsgfmt
configure:3788: result: :
configure:3839: checking for xgettext
configure:3874: result: no
configure:3917: checking for msgmerge
configure:3951: result: no
configure:3984: checking build system type
configure:4002: result: i386-apple-darwin16.4.0
configure:4024: checking host system type
configure:4039: result: i386-apple-darwin16.4.0
configure:4085: checking for ld used by GCC
configure:4149: result: /Library/Developer/CommandLineTools/usr/bin/ld
configure:4158: checking if the linker (/Library/Developer/CommandLineTools/usr/bin/ld) is GNU ld
configure:4171: result: no
configure:4178: checking for shared library run path origin
configure:4191: result: done
configure:4649: checking for CFPreferencesCopyAppValue
configure:4677: gcc -o conftest -g -O2   conftest.c  -Wl,-framework -Wl,CoreFoundation >&5
conftest.c:18:37: warning: null passed to a callee that requires a non-null argument [-Wnonnull]
CFPreferencesCopyAppValue(NULL, NULL)
                          ~~~~      ^
conftest.c:18:37: warning: null passed to a callee that requires a non-null argument [-Wnonnull]
CFPreferencesCopyAppValue(NULL, NULL)
                                ~~~~^
2 warnings generated.
configure:4683: $? = 0
configure:4701: result: yes
configure:4710: checking for CFLocaleCopyCurrent
configure:4738: gcc -o conftest -g -O2   conftest.c  -Wl,-framework -Wl,CoreFoundation >&5
configure:4744: $? = 0
configure:4762: result: yes
configure:4813: checking for GNU gettext in libc
configure:4843: gcc -o conftest -g -O2   conftest.c  >&5
conftest.c:16:10: fatal error: 'libintl.h' file not found
#include <libintl.h>
         ^
1 error generated.
configure:4849: $? = 1
configure: failed program was:
| /* confdefs.h.  */
| #define PACKAGE_NAME ""
| #define PACKAGE_TARNAME ""
| #define PACKAGE_VERSION ""
| #define PACKAGE_STRING ""
| #define PACKAGE_BUGREPORT ""
| #define PACKAGE "jwhois"
| #define VERSION "4.0"
| #define DEFAULTHOST "whois.internic.net"
| #define WHOISSERVERS "whois-servers.net"
| #define CACHEEXPIRE "168"
| #define GETTEXT_PACKAGE "jwhois"
| #define HAVE_CFPREFERENCESCOPYAPPVALUE 1
| #define HAVE_CFLOCALECOPYCURRENT 1
| /* end confdefs.h.  */
| #include <libintl.h>
| 
| extern int _nl_msg_cat_cntr;
| extern int *_nl_domain_bindings;
| int
| main ()
| {
| bindtextdomain ("", "");
| return * gettext ("") + _nl_msg_cat_cntr + *_nl_domain_bindings
|   ;
|   return 0;
| }
configure:4867: result: no
configure:4901: checking for iconv
configure:4933: gcc -o conftest -g -O2   conftest.c  >&5
Undefined symbols for architecture x86_64:
  "_iconv", referenced from:
      _main in conftest-a4d592.o
  "_iconv_close", referenced from:
      _main in conftest-a4d592.o
  "_iconv_open", referenced from:
      _main in conftest-a4d592.o
ld: symbol(s) not found for architecture x86_64
clang: error: linker command failed with exit code 1 (use -v to see invocation)
configure:4939: $? = 1
configure: failed program was:
| /* confdefs.h.  */
| #define PACKAGE_NAME ""
| #define PACKAGE_TARNAME ""
| #define PACKAGE_VERSION ""
| #define PACKAGE_STRING ""
| #define PACKAGE_BUGREPORT ""
| #define PACKAGE "jwhois"
| #define VERSION "4.0"
| #define DEFAULTHOST "whois.internic.net"
| #define WHOISSERVERS "whois-servers.net"
| #define CACHEEXPIRE "168"
| #define GETTEXT_PACKAGE "jwhois"
| #define HAVE_CFPREFERENCESCOPYAPPVALUE 1
| #define HAVE_CFLOCALECOPYCURRENT 1
| /* end confdefs.h.  */
| #include <stdlib.h>
| #include <iconv.h>
| int
| main ()
| {
| iconv_t cd = iconv_open("","");
|        iconv(cd,NULL,NULL,NULL,NULL);
|        iconv_close(cd);
|   ;
|   return 0;
| }
configure:4982: gcc -o conftest -g -O2   conftest.c  -liconv >&5
configure:4988: $? = 0
configure:5009: result: yes
configure:5019: checking how to link with libiconv
configure:5021: result: -liconv
configure:5425: checking for GNU gettext in libintl
configure:5463: gcc -o conftest -g -O2    conftest.c  -lintl >&5
conftest.c:17:10: fatal error: 'libintl.h' file not found
#include <libintl.h>
         ^
1 error generated.
configure:5469: $? = 1
configure: failed program was:
| /* confdefs.h.  */
| #define PACKAGE_NAME ""
| #define PACKAGE_TARNAME ""
| #define PACKAGE_VERSION ""
| #define PACKAGE_STRING ""
| #define PACKAGE_BUGREPORT ""
| #define PACKAGE "jwhois"
| #define VERSION "4.0"
| #define DEFAULTHOST "whois.internic.net"
| #define WHOISSERVERS "whois-servers.net"
| #define CACHEEXPIRE "168"
| #define GETTEXT_PACKAGE "jwhois"
| #define HAVE_CFPREFERENCESCOPYAPPVALUE 1
| #define HAVE_CFLOCALECOPYCURRENT 1
| #define HAVE_ICONV 1
| /* end confdefs.h.  */
| #include <libintl.h>
| 
| extern int _nl_msg_cat_cntr;
| extern
| #ifdef __cplusplus
| "C"
| #endif
| const char *_nl_expand_alias (const char *);
| int
| main ()
| {
| bindtextdomain ("", "");
| return * gettext ("") + _nl_msg_cat_cntr + *_nl_expand_alias ("")
|   ;
|   return 0;
| }
configure:5516: gcc -o conftest -g -O2    conftest.c  -lintl -liconv >&5
conftest.c:17:10: fatal error: 'libintl.h' file not found
#include <libintl.h>
         ^
1 error generated.
configure:5522: $? = 1
configure: failed program was:
| /* confdefs.h.  */
| #define PACKAGE_NAME ""
| #define PACKAGE_TARNAME ""
| #define PACKAGE_VERSION ""
| #define PACKAGE_STRING ""
| #define PACKAGE_BUGREPORT ""
| #define PACKAGE "jwhois"
| #define VERSION "4.0"
| #define DEFAULTHOST "whois.internic.net"
| #define WHOISSERVERS "whois-servers.net"
| #define CACHEEXPIRE "168"
| #define GETTEXT_PACKAGE "jwhois"
| #define HAVE_CFPREFERENCESCOPYAPPVALUE 1
| #define HAVE_CFLOCALECOPYCURRENT 1
| #define HAVE_ICONV 1
| /* end confdefs.h.  */
| #include <libintl.h>
| 
| extern int _nl_msg_cat_cntr;
| extern
| #ifdef __cplusplus
| "C"
| #endif
| const char *_nl_expand_alias (const char *);
| int
| main ()
| {
| bindtextdomain ("", "");
| return * gettext ("") + _nl_msg_cat_cntr + *_nl_expand_alias ("")
|   ;
|   return 0;
| }
configure:5546: result: no
configure:5583: checking whether to use NLS
configure:5585: result: no
configure:5691: checking for iconv
configure:5799: result: yes
configure:5809: checking how to link with libiconv
configure:5811: result: -liconv
configure:5822: checking for iconv declaration
configure:5861: gcc -c -g -O2  conftest.c >&5
configure:5867: $? = 0
configure:5886: result: 
         extern size_t iconv (iconv_t cd, char * *inbuf, size_t *inbytesleft, char * *outbuf, size_t *outbytesleft);
configure:5899: checking for chgrp
configure:5917: found /usr/bin/chgrp
configure:5930: result: /usr/bin/chgrp
configure:5940: checking for chmod
configure:5958: found /bin/chmod
configure:5971: result: /bin/chmod
configure:5985: checking how to run the C preprocessor
configure:6025: gcc -E  conftest.c
configure:6031: $? = 0
configure:6062: gcc -E  conftest.c
conftest.c:19:10: fatal error: 'ac_nonexistent.h' file not found
#include <ac_nonexistent.h>
         ^
1 error generated.
configure:6068: $? = 1
configure: failed program was:
| /* confdefs.h.  */
| #define PACKAGE_NAME ""
| #define PACKAGE_TARNAME ""
| #define PACKAGE_VERSION ""
| #define PACKAGE_STRING ""
| #define PACKAGE_BUGREPORT ""
| #define PACKAGE "jwhois"
| #define VERSION "4.0"
| #define DEFAULTHOST "whois.internic.net"
| #define WHOISSERVERS "whois-servers.net"
| #define CACHEEXPIRE "168"
| #define GETTEXT_PACKAGE "jwhois"
| #define HAVE_CFPREFERENCESCOPYAPPVALUE 1
| #define HAVE_CFLOCALECOPYCURRENT 1
| #define HAVE_ICONV 1
| #define HAVE_ICONV 1
| #define ICONV_CONST 
| /* end confdefs.h.  */
| #include <ac_nonexistent.h>
configure:6101: result: gcc -E
configure:6130: gcc -E  conftest.c
configure:6136: $? = 0
configure:6167: gcc -E  conftest.c
conftest.c:19:10: fatal error: 'ac_nonexistent.h' file not found
#include <ac_nonexistent.h>
         ^
1 error generated.
configure:6173: $? = 1
configure: failed program was:
| /* confdefs.h.  */
| #define PACKAGE_NAME ""
| #define PACKAGE_TARNAME ""
| #define PACKAGE_VERSION ""
| #define PACKAGE_STRING ""
| #define PACKAGE_BUGREPORT ""
| #define PACKAGE "jwhois"
| #define VERSION "4.0"
| #define DEFAULTHOST "whois.internic.net"
| #define WHOISSERVERS "whois-servers.net"
| #define CACHEEXPIRE "168"
| #define GETTEXT_PACKAGE "jwhois"
| #define HAVE_CFPREFERENCESCOPYAPPVALUE 1
| #define HAVE_CFLOCALECOPYCURRENT 1
| #define HAVE_ICONV 1
| #define HAVE_ICONV 1
| #define ICONV_CONST 
| /* end confdefs.h.  */
| #include <ac_nonexistent.h>
configure:6211: checking for grep that handles long lines and -e
configure:6285: result: /usr/bin/grep
configure:6290: checking for egrep
configure:6368: result: /usr/bin/grep -E
configure:6373: checking for ANSI C header files
configure:6403: gcc -c -g -O2  conftest.c >&5
configure:6409: $? = 0
configure:6508: gcc -o conftest -g -O2   conftest.c  >&5
configure:6511: $? = 0
configure:6517: ./conftest
configure:6520: $? = 0
configure:6537: result: yes
configure:6561: checking for sys/types.h
configure:6582: gcc -c -g -O2  conftest.c >&5
configure:6588: $? = 0
configure:6604: result: yes
configure:6561: checking for sys/stat.h
configure:6582: gcc -c -g -O2  conftest.c >&5
configure:6588: $? = 0
configure:6604: result: yes
configure:6561: checking for stdlib.h
configure:6582: gcc -c -g -O2  conftest.c >&5
configure:6588: $? = 0
configure:6604: result: yes
configure:6561: checking for string.h
configure:6582: gcc -c -g -O2  conftest.c >&5
configure:6588: $? = 0
configure:6604: result: yes
configure:6561: checking for memory.h
configure:6582: gcc -c -g -O2  conftest.c >&5
configure:6588: $? = 0
configure:6604: result: yes
configure:6561: checking for strings.h
configure:6582: gcc -c -g -O2  conftest.c >&5
configure:6588: $? = 0
configure:6604: result: yes
configure:6561: checking for inttypes.h
configure:6582: gcc -c -g -O2  conftest.c >&5
configure:6588: $? = 0
configure:6604: result: yes
configure:6561: checking for stdint.h
configure:6582: gcc -c -g -O2  conftest.c >&5
configure:6588: $? = 0
configure:6604: result: yes
configure:6561: checking for unistd.h
configure:6582: gcc -c -g -O2  conftest.c >&5
configure:6588: $? = 0
configure:6604: result: yes
configure:6616: checking whether byte ordering is bigendian
configure:6649: gcc -c -g -O2  conftest.c >&5
configure:6655: $? = 0
configure:6687: gcc -c -g -O2  conftest.c >&5
conftest.c:36:2: error: use of undeclared identifier 'not'
 not big endian
 ^
1 error generated.
configure:6693: $? = 1
configure: failed program was:
| /* confdefs.h.  */
| #define PACKAGE_NAME ""
| #define PACKAGE_TARNAME ""
| #define PACKAGE_VERSION ""
| #define PACKAGE_STRING ""
| #define PACKAGE_BUGREPORT ""
| #define PACKAGE "jwhois"
| #define VERSION "4.0"
| #define DEFAULTHOST "whois.internic.net"
| #define WHOISSERVERS "whois-servers.net"
| #define CACHEEXPIRE "168"
| #define GETTEXT_PACKAGE "jwhois"
| #define HAVE_CFPREFERENCESCOPYAPPVALUE 1
| #define HAVE_CFLOCALECOPYCURRENT 1
| #define HAVE_ICONV 1
| #define HAVE_ICONV 1
| #define ICONV_CONST 
| #define STDC_HEADERS 1
| #define HAVE_SYS_TYPES_H 1
| #define HAVE_SYS_STAT_H 1
| #define HAVE_STDLIB_H 1
| #define HAVE_STRING_H 1
| #define HAVE_MEMORY_H 1
| #define HAVE_STRINGS_H 1
| #define HAVE_INTTYPES_H 1
| #define HAVE_STDINT_H 1
| #define HAVE_UNISTD_H 1
| /* end confdefs.h.  */
| #include <sys/types.h>
| #include <sys/param.h>
| 
| int
| main ()
| {
| #if BYTE_ORDER != BIG_ENDIAN
|  not big endian
| #endif
| 
|   ;
|   return 0;
| }
configure:6833: result: no
configure:6853: checking for connect
configure:6909: gcc -o conftest -g -O2   conftest.c  >&5
configure:6915: $? = 0
configure:6932: result: yes
configure:7010: checking for socket
configure:7066: gcc -o conftest -g -O2   conftest.c  >&5
configure:7072: $? = 0
configure:7089: result: yes
configure:7242: checking for getipnodebyname
configure:7298: gcc -o conftest -g -O2   conftest.c  >&5
configure:7304: $? = 0
configure:7322: result: yes
configure:7332: checking for getaddrinfo
configure:7388: gcc -o conftest -g -O2   conftest.c  >&5
configure:7394: $? = 0
configure:7411: result: yes
configure:7422: checking for gai_strerror
configure:7478: gcc -o conftest -g -O2   conftest.c  >&5
configure:7484: $? = 0
configure:7502: result: yes
configure:7755: checking for main in -linet6
configure:7784: gcc -o conftest -g -O2   conftest.c -linet6   >&5
ld: library not found for -linet6
clang: error: linker command failed with exit code 1 (use -v to see invocation)
configure:7790: $? = 1
configure: failed program was:
| /* confdefs.h.  */
| #define PACKAGE_NAME ""
| #define PACKAGE_TARNAME ""
| #define PACKAGE_VERSION ""
| #define PACKAGE_STRING ""
| #define PACKAGE_BUGREPORT ""
| #define PACKAGE "jwhois"
| #define VERSION "4.0"
| #define DEFAULTHOST "whois.internic.net"
| #define WHOISSERVERS "whois-servers.net"
| #define CACHEEXPIRE "168"
| #define GETTEXT_PACKAGE "jwhois"
| #define HAVE_CFPREFERENCESCOPYAPPVALUE 1
| #define HAVE_CFLOCALECOPYCURRENT 1
| #define HAVE_ICONV 1
| #define HAVE_ICONV 1
| #define ICONV_CONST 
| #define STDC_HEADERS 1
| #define HAVE_SYS_TYPES_H 1
| #define HAVE_SYS_STAT_H 1
| #define HAVE_STDLIB_H 1
| #define HAVE_STRING_H 1
| #define HAVE_MEMORY_H 1
| #define HAVE_STRINGS_H 1
| #define HAVE_INTTYPES_H 1
| #define HAVE_STDINT_H 1
| #define HAVE_UNISTD_H 1
| #define HAVE_GETIPNODEBYNAME 1
| #define HAVE_GETADDRINFO 1
| #define HAVE_GAI_STRERROR 1
| /* end confdefs.h.  */
| 
| 
| int
| main ()
| {
| return main ();
|   ;
|   return 0;
| }
configure:7808: result: no
configure:7884: checking for memcpy
configure:7940: gcc -o conftest -g -O2   conftest.c  >&5
conftest.c:55:6: warning: incompatible redeclaration of library function 'memcpy' [-Wincompatible-library-redeclaration]
char memcpy ();
     ^
conftest.c:55:6: note: 'memcpy' is a builtin with type 'void *(void *, const void *, unsigned long)'
1 warning generated.
configure:7946: $? = 0
configure:7964: result: yes
configure:7884: checking for strtol
configure:7940: gcc -o conftest -g -O2   conftest.c  >&5
configure:7946: $? = 0
configure:7964: result: yes
configure:7980: checking for strcasecmp
configure:8036: gcc -o conftest -g -O2   conftest.c  >&5
conftest.c:57:6: warning: incompatible redeclaration of library function 'strcasecmp' [-Wincompatible-library-redeclaration]
char strcasecmp ();
     ^
conftest.c:57:6: note: 'strcasecmp' is a builtin with type 'int (const char *, const char *)'
1 warning generated.
configure:8042: $? = 0
configure:8060: result: yes
configure:7980: checking for strncasecmp
configure:8036: gcc -o conftest -g -O2   conftest.c  >&5
conftest.c:58:6: warning: incompatible redeclaration of library function 'strncasecmp' [-Wincompatible-library-redeclaration]
char strncasecmp ();
     ^
conftest.c:58:6: note: 'strncasecmp' is a builtin with type 'int (const char *, const char *, unsigned long)'
1 warning generated.
configure:8042: $? = 0
configure:8060: result: yes
configure:7980: checking for getopt_long
configure:8036: gcc -o conftest -g -O2   conftest.c  >&5
configure:8042: $? = 0
configure:8060: result: yes
configure:8070: checking for ANSI C header files
configure:8234: result: yes
configure:8260: checking for sys/types.h
configure:8266: result: yes
configure:8270: checking sys/socket.h usability
configure:8287: gcc -c -g -O2  conftest.c >&5
configure:8293: $? = 0
configure:8307: result: yes
configure:8311: checking sys/socket.h presence
configure:8326: gcc -E  conftest.c
configure:8332: $? = 0
configure:8346: result: yes
configure:8374: checking for sys/socket.h
configure:8382: result: yes
configure:8270: checking netinet/in.h usability
configure:8287: gcc -c -g -O2  conftest.c >&5
configure:8293: $? = 0
configure:8307: result: yes
configure:8311: checking netinet/in.h presence
configure:8326: gcc -E  conftest.c
configure:8332: $? = 0
configure:8346: result: yes
configure:8374: checking for netinet/in.h
configure:8382: result: yes
configure:8270: checking netdb.h usability
configure:8287: gcc -c -g -O2  conftest.c >&5
configure:8293: $? = 0
configure:8307: result: yes
configure:8311: checking netdb.h presence
configure:8326: gcc -E  conftest.c
configure:8332: $? = 0
configure:8346: result: yes
configure:8374: checking for netdb.h
configure:8382: result: yes
configure:8270: checking sys/time.h usability
configure:8287: gcc -c -g -O2  conftest.c >&5
configure:8293: $? = 0
configure:8307: result: yes
configure:8311: checking sys/time.h presence
configure:8326: gcc -E  conftest.c
configure:8332: $? = 0
configure:8346: result: yes
configure:8374: checking for sys/time.h
configure:8382: result: yes
configure:8260: checking for sys/stat.h
configure:8266: result: yes
configure:8270: checking sys/fcntl.h usability
configure:8287: gcc -c -g -O2  conftest.c >&5
configure:8293: $? = 0
configure:8307: result: yes
configure:8311: checking sys/fcntl.h presence
configure:8326: gcc -E  conftest.c
configure:8332: $? = 0
configure:8346: result: yes
configure:8374: checking for sys/fcntl.h
configure:8382: result: yes
configure:8270: checking malloc.h usability
configure:8287: gcc -c -g -O2  conftest.c >&5
conftest.c:78:10: fatal error: 'malloc.h' file not found
#include <malloc.h>
         ^
1 error generated.
configure:8293: $? = 1
configure: failed program was:
| /* confdefs.h.  */
| #define PACKAGE_NAME ""
| #define PACKAGE_TARNAME ""
| #define PACKAGE_VERSION ""
| #define PACKAGE_STRING ""
| #define PACKAGE_BUGREPORT ""
| #define PACKAGE "jwhois"
| #define VERSION "4.0"
| #define DEFAULTHOST "whois.internic.net"
| #define WHOISSERVERS "whois-servers.net"
| #define CACHEEXPIRE "168"
| #define GETTEXT_PACKAGE "jwhois"
| #define HAVE_CFPREFERENCESCOPYAPPVALUE 1
| #define HAVE_CFLOCALECOPYCURRENT 1
| #define HAVE_ICONV 1
| #define HAVE_ICONV 1
| #define ICONV_CONST 
| #define STDC_HEADERS 1
| #define HAVE_SYS_TYPES_H 1
| #define HAVE_SYS_STAT_H 1
| #define HAVE_STDLIB_H 1
| #define HAVE_STRING_H 1
| #define HAVE_MEMORY_H 1
| #define HAVE_STRINGS_H 1
| #define HAVE_INTTYPES_H 1
| #define HAVE_STDINT_H 1
| #define HAVE_UNISTD_H 1
| #define HAVE_GETIPNODEBYNAME 1
| #define HAVE_GETADDRINFO 1
| #define HAVE_GAI_STRERROR 1
| #define HAVE_MEMCPY 1
| #define HAVE_STRTOL 1
| #define HAVE_STRCASECMP 1
| #define HAVE_STRNCASECMP 1
| #define HAVE_GETOPT_LONG 1
| #define STDC_HEADERS 1
| #define HAVE_SYS_TYPES_H 1
| #define HAVE_SYS_SOCKET_H 1
| #define HAVE_NETINET_IN_H 1
| #define HAVE_NETDB_H 1
| #define HAVE_SYS_TIME_H 1
| #define HAVE_SYS_STAT_H 1
| #define HAVE_SYS_FCNTL_H 1
| /* end confdefs.h.  */
| #include <stdio.h>
| #ifdef HAVE_SYS_TYPES_H
| # include <sys/types.h>
| #endif
| #ifdef HAVE_SYS_STAT_H
| # include <sys/stat.h>
| #endif
| #ifdef STDC_HEADERS
| # include <stdlib.h>
| # include <stddef.h>
| #else
| # ifdef HAVE_STDLIB_H
| #  include <stdlib.h>
| # endif
| #endif
| #ifdef HAVE_STRING_H
| # if !defined STDC_HEADERS && defined HAVE_MEMORY_H
| #  include <memory.h>
| # endif
| # include <string.h>
| #endif
| #ifdef HAVE_STRINGS_H
| # include <strings.h>
| #endif
| #ifdef HAVE_INTTYPES_H
| # include <inttypes.h>
| #endif
| #ifdef HAVE_STDINT_H
| # include <stdint.h>
| #endif
| #ifdef HAVE_UNISTD_H
| # include <unistd.h>
| #endif
| #include <malloc.h>
configure:8307: result: no
configure:8311: checking malloc.h presence
configure:8326: gcc -E  conftest.c
conftest.c:45:10: fatal error: 'malloc.h' file not found
#include <malloc.h>
         ^
1 error generated.
configure:8332: $? = 1
configure: failed program was:
| /* confdefs.h.  */
| #define PACKAGE_NAME ""
| #define PACKAGE_TARNAME ""
| #define PACKAGE_VERSION ""
| #define PACKAGE_STRING ""
| #define PACKAGE_BUGREPORT ""
| #define PACKAGE "jwhois"
| #define VERSION "4.0"
| #define DEFAULTHOST "whois.internic.net"
| #define WHOISSERVERS "whois-servers.net"
| #define CACHEEXPIRE "168"
| #define GETTEXT_PACKAGE "jwhois"
| #define HAVE_CFPREFERENCESCOPYAPPVALUE 1
| #define HAVE_CFLOCALECOPYCURRENT 1
| #define HAVE_ICONV 1
| #define HAVE_ICONV 1
| #define ICONV_CONST 
| #define STDC_HEADERS 1
| #define HAVE_SYS_TYPES_H 1
| #define HAVE_SYS_STAT_H 1
| #define HAVE_STDLIB_H 1
| #define HAVE_STRING_H 1
| #define HAVE_MEMORY_H 1
| #define HAVE_STRINGS_H 1
| #define HAVE_INTTYPES_H 1
| #define HAVE_STDINT_H 1
| #define HAVE_UNISTD_H 1
| #define HAVE_GETIPNODEBYNAME 1
| #define HAVE_GETADDRINFO 1
| #define HAVE_GAI_STRERROR 1
| #define HAVE_MEMCPY 1
| #define HAVE_STRTOL 1
| #define HAVE_STRCASECMP 1
| #define HAVE_STRNCASECMP 1
| #define HAVE_GETOPT_LONG 1
| #define STDC_HEADERS 1
| #define HAVE_SYS_TYPES_H 1
| #define HAVE_SYS_SOCKET_H 1
| #define HAVE_NETINET_IN_H 1
| #define HAVE_NETDB_H 1
| #define HAVE_SYS_TIME_H 1
| #define HAVE_SYS_STAT_H 1
| #define HAVE_SYS_FCNTL_H 1
| /* end confdefs.h.  */
| #include <malloc.h>
configure:8346: result: no
configure:8374: checking for malloc.h
configure:8382: result: no
configure:8270: checking locale.h usability
configure:8287: gcc -c -g -O2  conftest.c >&5
configure:8293: $? = 0
configure:8307: result: yes
configure:8311: checking locale.h presence
configure:8326: gcc -E  conftest.c
configure:8332: $? = 0
configure:8346: result: yes
configure:8374: checking for locale.h
configure:8382: result: yes
configure:8260: checking for stdint.h
configure:8266: result: yes
configure:8260: checking for inttypes.h
configure:8266: result: yes
configure:8270: checking idna.h usability
configure:8287: gcc -c -g -O2  conftest.c >&5
conftest.c:81:10: fatal error: 'idna.h' file not found
#include <idna.h>
         ^
1 error generated.
configure:8293: $? = 1
configure: failed program was:
| /* confdefs.h.  */
| #define PACKAGE_NAME ""
| #define PACKAGE_TARNAME ""
| #define PACKAGE_VERSION ""
| #define PACKAGE_STRING ""
| #define PACKAGE_BUGREPORT ""
| #define PACKAGE "jwhois"
| #define VERSION "4.0"
| #define DEFAULTHOST "whois.internic.net"
| #define WHOISSERVERS "whois-servers.net"
| #define CACHEEXPIRE "168"
| #define GETTEXT_PACKAGE "jwhois"
| #define HAVE_CFPREFERENCESCOPYAPPVALUE 1
| #define HAVE_CFLOCALECOPYCURRENT 1
| #define HAVE_ICONV 1
| #define HAVE_ICONV 1
| #define ICONV_CONST 
| #define STDC_HEADERS 1
| #define HAVE_SYS_TYPES_H 1
| #define HAVE_SYS_STAT_H 1
| #define HAVE_STDLIB_H 1
| #define HAVE_STRING_H 1
| #define HAVE_MEMORY_H 1
| #define HAVE_STRINGS_H 1
| #define HAVE_INTTYPES_H 1
| #define HAVE_STDINT_H 1
| #define HAVE_UNISTD_H 1
| #define HAVE_GETIPNODEBYNAME 1
| #define HAVE_GETADDRINFO 1
| #define HAVE_GAI_STRERROR 1
| #define HAVE_MEMCPY 1
| #define HAVE_STRTOL 1
| #define HAVE_STRCASECMP 1
| #define HAVE_STRNCASECMP 1
| #define HAVE_GETOPT_LONG 1
| #define STDC_HEADERS 1
| #define HAVE_SYS_TYPES_H 1
| #define HAVE_SYS_SOCKET_H 1
| #define HAVE_NETINET_IN_H 1
| #define HAVE_NETDB_H 1
| #define HAVE_SYS_TIME_H 1
| #define HAVE_SYS_STAT_H 1
| #define HAVE_SYS_FCNTL_H 1
| #define HAVE_LOCALE_H 1
| #define HAVE_STDINT_H 1
| #define HAVE_INTTYPES_H 1
| /* end confdefs.h.  */
| #include <stdio.h>
| #ifdef HAVE_SYS_TYPES_H
| # include <sys/types.h>
| #endif
| #ifdef HAVE_SYS_STAT_H
| # include <sys/stat.h>
| #endif
| #ifdef STDC_HEADERS
| # include <stdlib.h>
| # include <stddef.h>
| #else
| # ifdef HAVE_STDLIB_H
| #  include <stdlib.h>
| # endif
| #endif
| #ifdef HAVE_STRING_H
| # if !defined STDC_HEADERS && defined HAVE_MEMORY_H
| #  include <memory.h>
| # endif
| # include <string.h>
| #endif
| #ifdef HAVE_STRINGS_H
| # include <strings.h>
| #endif
| #ifdef HAVE_INTTYPES_H
| # include <inttypes.h>
| #endif
| #ifdef HAVE_STDINT_H
| # include <stdint.h>
| #endif
| #ifdef HAVE_UNISTD_H
| # include <unistd.h>
| #endif
| #include <idna.h>
configure:8307: result: no
configure:8311: checking idna.h presence
configure:8326: gcc -E  conftest.c
conftest.c:48:10: fatal error: 'idna.h' file not found
#include <idna.h>
         ^
1 error generated.
configure:8332: $? = 1
configure: failed program was:
| /* confdefs.h.  */
| #define PACKAGE_NAME ""
| #define PACKAGE_TARNAME ""
| #define PACKAGE_VERSION ""
| #define PACKAGE_STRING ""
| #define PACKAGE_BUGREPORT ""
| #define PACKAGE "jwhois"
| #define VERSION "4.0"
| #define DEFAULTHOST "whois.internic.net"
| #define WHOISSERVERS "whois-servers.net"
| #define CACHEEXPIRE "168"
| #define GETTEXT_PACKAGE "jwhois"
| #define HAVE_CFPREFERENCESCOPYAPPVALUE 1
| #define HAVE_CFLOCALECOPYCURRENT 1
| #define HAVE_ICONV 1
| #define HAVE_ICONV 1
| #define ICONV_CONST 
| #define STDC_HEADERS 1
| #define HAVE_SYS_TYPES_H 1
| #define HAVE_SYS_STAT_H 1
| #define HAVE_STDLIB_H 1
| #define HAVE_STRING_H 1
| #define HAVE_MEMORY_H 1
| #define HAVE_STRINGS_H 1
| #define HAVE_INTTYPES_H 1
| #define HAVE_STDINT_H 1
| #define HAVE_UNISTD_H 1
| #define HAVE_GETIPNODEBYNAME 1
| #define HAVE_GETADDRINFO 1
| #define HAVE_GAI_STRERROR 1
| #define HAVE_MEMCPY 1
| #define HAVE_STRTOL 1
| #define HAVE_STRCASECMP 1
| #define HAVE_STRNCASECMP 1
| #define HAVE_GETOPT_LONG 1
| #define STDC_HEADERS 1
| #define HAVE_SYS_TYPES_H 1
| #define HAVE_SYS_SOCKET_H 1
| #define HAVE_NETINET_IN_H 1
| #define HAVE_NETDB_H 1
| #define HAVE_SYS_TIME_H 1
| #define HAVE_SYS_STAT_H 1
| #define HAVE_SYS_FCNTL_H 1
| #define HAVE_LOCALE_H 1
| #define HAVE_STDINT_H 1
| #define HAVE_INTTYPES_H 1
| /* end confdefs.h.  */
| #include <idna.h>
configure:8346: result: no
configure:8374: checking for idna.h
configure:8382: result: no
configure:8395: checking whether time.h and sys/time.h may both be included
configure:8425: gcc -c -g -O2  conftest.c >&5
configure:8431: $? = 0
configure:8446: result: yes
configure:8461: checking for inet_pton
configure:8517: gcc -o conftest -g -O2   conftest.c  >&5
configure:8523: $? = 0
configure:8541: result: yes
configure:8552: checking if inet_pton supports IPv6
configure:8590: gcc -o conftest -g -O2   conftest.c  >&5
conftest.c:63:9: warning: implicit declaration of function 'inet_pton' is invalid in C99 [-Wimplicit-function-declaration]
    if (inet_pton(AF_INET6, "::1", &addr6) < 1)
        ^
conftest.c:64:7: warning: implicitly declaring library function 'exit' with type 'void (int) __attribute__((noreturn))' [-Wimplicit-function-declaration]
      exit(1);
      ^
conftest.c:64:7: note: include the header <stdlib.h> or explicitly provide a declaration for 'exit'
2 warnings generated.
configure:8593: $? = 0
configure:8599: ./conftest
configure:8602: $? = 0
configure:8605: result: yes
configure:8642: checking for idna.h
configure:8647: result: no
configure:8847: WARNING: Libidn not found
configure:8850: checking if Libidn should be used
configure:8852: result: no
configure:8858: checking for dbm_open
configure:8914: gcc -o conftest -g -O2   conftest.c  >&5
configure:8920: $? = 0
configure:8937: result: yes
configure:9118: checking gdbm.h usability
configure:9135: gcc -c -g -O2  conftest.c >&5
configure:9141: $? = 0
configure:9155: result: yes
configure:9159: checking gdbm.h presence
configure:9174: gcc -E  conftest.c
configure:9180: $? = 0
configure:9194: result: yes
configure:9222: checking for gdbm.h
configure:9230: result: yes
configure:9118: checking ndbm.h usability
configure:9135: gcc -c -g -O2  conftest.c >&5
configure:9141: $? = 0
configure:9155: result: yes
configure:9159: checking ndbm.h presence
configure:9174: gcc -E  conftest.c
configure:9180: $? = 0
configure:9194: result: yes
configure:9222: checking for ndbm.h
configure:9230: result: yes
configure:9118: checking dbm.h usability
configure:9135: gcc -c -g -O2  conftest.c >&5
conftest.c:87:10: fatal error: 'dbm.h' file not found
#include <dbm.h>
         ^
1 error generated.
configure:9141: $? = 1
configure: failed program was:
| /* confdefs.h.  */
| #define PACKAGE_NAME ""
| #define PACKAGE_TARNAME ""
| #define PACKAGE_VERSION ""
| #define PACKAGE_STRING ""
| #define PACKAGE_BUGREPORT ""
| #define PACKAGE "jwhois"
| #define VERSION "4.0"
| #define DEFAULTHOST "whois.internic.net"
| #define WHOISSERVERS "whois-servers.net"
| #define CACHEEXPIRE "168"
| #define GETTEXT_PACKAGE "jwhois"
| #define HAVE_CFPREFERENCESCOPYAPPVALUE 1
| #define HAVE_CFLOCALECOPYCURRENT 1
| #define HAVE_ICONV 1
| #define HAVE_ICONV 1
| #define ICONV_CONST 
| #define STDC_HEADERS 1
| #define HAVE_SYS_TYPES_H 1
| #define HAVE_SYS_STAT_H 1
| #define HAVE_STDLIB_H 1
| #define HAVE_STRING_H 1
| #define HAVE_MEMORY_H 1
| #define HAVE_STRINGS_H 1
| #define HAVE_INTTYPES_H 1
| #define HAVE_STDINT_H 1
| #define HAVE_UNISTD_H 1
| #define HAVE_GETIPNODEBYNAME 1
| #define HAVE_GETADDRINFO 1
| #define HAVE_GAI_STRERROR 1
| #define HAVE_MEMCPY 1
| #define HAVE_STRTOL 1
| #define HAVE_STRCASECMP 1
| #define HAVE_STRNCASECMP 1
| #define HAVE_GETOPT_LONG 1
| #define STDC_HEADERS 1
| #define HAVE_SYS_TYPES_H 1
| #define HAVE_SYS_SOCKET_H 1
| #define HAVE_NETINET_IN_H 1
| #define HAVE_NETDB_H 1
| #define HAVE_SYS_TIME_H 1
| #define HAVE_SYS_STAT_H 1
| #define HAVE_SYS_FCNTL_H 1
| #define HAVE_LOCALE_H 1
| #define HAVE_STDINT_H 1
| #define HAVE_INTTYPES_H 1
| #define TIME_WITH_SYS_TIME 1
| #define HAVE_INET_PTON 1
| #define HAVE_INET_PTON_IPV6 1
| #define HAVE_DBM_OPEN 1
| #define HAVE_GDBM_H 1
| #define HAVE_NDBM_H 1
| /* end confdefs.h.  */
| #include <stdio.h>
| #ifdef HAVE_SYS_TYPES_H
| # include <sys/types.h>
| #endif
| #ifdef HAVE_SYS_STAT_H
| # include <sys/stat.h>
| #endif
| #ifdef STDC_HEADERS
| # include <stdlib.h>
| # include <stddef.h>
| #else
| # ifdef HAVE_STDLIB_H
| #  include <stdlib.h>
| # endif
| #endif
| #ifdef HAVE_STRING_H
| # if !defined STDC_HEADERS && defined HAVE_MEMORY_H
| #  include <memory.h>
| # endif
| # include <string.h>
| #endif
| #ifdef HAVE_STRINGS_H
| # include <strings.h>
| #endif
| #ifdef HAVE_INTTYPES_H
| # include <inttypes.h>
| #endif
| #ifdef HAVE_STDINT_H
| # include <stdint.h>
| #endif
| #ifdef HAVE_UNISTD_H
| # include <unistd.h>
| #endif
| #include <dbm.h>
configure:9155: result: no
configure:9159: checking dbm.h presence
configure:9174: gcc -E  conftest.c
conftest.c:54:10: fatal error: 'dbm.h' file not found
#include <dbm.h>
         ^
1 error generated.
configure:9180: $? = 1
configure: failed program was:
| /* confdefs.h.  */
| #define PACKAGE_NAME ""
| #define PACKAGE_TARNAME ""
| #define PACKAGE_VERSION ""
| #define PACKAGE_STRING ""
| #define PACKAGE_BUGREPORT ""
| #define PACKAGE "jwhois"
| #define VERSION "4.0"
| #define DEFAULTHOST "whois.internic.net"
| #define WHOISSERVERS "whois-servers.net"
| #define CACHEEXPIRE "168"
| #define GETTEXT_PACKAGE "jwhois"
| #define HAVE_CFPREFERENCESCOPYAPPVALUE 1
| #define HAVE_CFLOCALECOPYCURRENT 1
| #define HAVE_ICONV 1
| #define HAVE_ICONV 1
| #define ICONV_CONST 
| #define STDC_HEADERS 1
| #define HAVE_SYS_TYPES_H 1
| #define HAVE_SYS_STAT_H 1
| #define HAVE_STDLIB_H 1
| #define HAVE_STRING_H 1
| #define HAVE_MEMORY_H 1
| #define HAVE_STRINGS_H 1
| #define HAVE_INTTYPES_H 1
| #define HAVE_STDINT_H 1
| #define HAVE_UNISTD_H 1
| #define HAVE_GETIPNODEBYNAME 1
| #define HAVE_GETADDRINFO 1
| #define HAVE_GAI_STRERROR 1
| #define HAVE_MEMCPY 1
| #define HAVE_STRTOL 1
| #define HAVE_STRCASECMP 1
| #define HAVE_STRNCASECMP 1
| #define HAVE_GETOPT_LONG 1
| #define STDC_HEADERS 1
| #define HAVE_SYS_TYPES_H 1
| #define HAVE_SYS_SOCKET_H 1
| #define HAVE_NETINET_IN_H 1
| #define HAVE_NETDB_H 1
| #define HAVE_SYS_TIME_H 1
| #define HAVE_SYS_STAT_H 1
| #define HAVE_SYS_FCNTL_H 1
| #define HAVE_LOCALE_H 1
| #define HAVE_STDINT_H 1
| #define HAVE_INTTYPES_H 1
| #define TIME_WITH_SYS_TIME 1
| #define HAVE_INET_PTON 1
| #define HAVE_INET_PTON_IPV6 1
| #define HAVE_DBM_OPEN 1
| #define HAVE_GDBM_H 1
| #define HAVE_NDBM_H 1
| /* end confdefs.h.  */
| #include <dbm.h>
configure:9194: result: no
configure:9222: checking for dbm.h
configure:9230: result: no
configure:9118: checking db1/ndbm.h usability
configure:9135: gcc -c -g -O2  conftest.c >&5
conftest.c:87:10: fatal error: 'db1/ndbm.h' file not found
#include <db1/ndbm.h>
         ^
1 error generated.
configure:9141: $? = 1
configure: failed program was:
| /* confdefs.h.  */
| #define PACKAGE_NAME ""
| #define PACKAGE_TARNAME ""
| #define PACKAGE_VERSION ""
| #define PACKAGE_STRING ""
| #define PACKAGE_BUGREPORT ""
| #define PACKAGE "jwhois"
| #define VERSION "4.0"
| #define DEFAULTHOST "whois.internic.net"
| #define WHOISSERVERS "whois-servers.net"
| #define CACHEEXPIRE "168"
| #define GETTEXT_PACKAGE "jwhois"
| #define HAVE_CFPREFERENCESCOPYAPPVALUE 1
| #define HAVE_CFLOCALECOPYCURRENT 1
| #define HAVE_ICONV 1
| #define HAVE_ICONV 1
| #define ICONV_CONST 
| #define STDC_HEADERS 1
| #define HAVE_SYS_TYPES_H 1
| #define HAVE_SYS_STAT_H 1
| #define HAVE_STDLIB_H 1
| #define HAVE_STRING_H 1
| #define HAVE_MEMORY_H 1
| #define HAVE_STRINGS_H 1
| #define HAVE_INTTYPES_H 1
| #define HAVE_STDINT_H 1
| #define HAVE_UNISTD_H 1
| #define HAVE_GETIPNODEBYNAME 1
| #define HAVE_GETADDRINFO 1
| #define HAVE_GAI_STRERROR 1
| #define HAVE_MEMCPY 1
| #define HAVE_STRTOL 1
| #define HAVE_STRCASECMP 1
| #define HAVE_STRNCASECMP 1
| #define HAVE_GETOPT_LONG 1
| #define STDC_HEADERS 1
| #define HAVE_SYS_TYPES_H 1
| #define HAVE_SYS_SOCKET_H 1
| #define HAVE_NETINET_IN_H 1
| #define HAVE_NETDB_H 1
| #define HAVE_SYS_TIME_H 1
| #define HAVE_SYS_STAT_H 1
| #define HAVE_SYS_FCNTL_H 1
| #define HAVE_LOCALE_H 1
| #define HAVE_STDINT_H 1
| #define HAVE_INTTYPES_H 1
| #define TIME_WITH_SYS_TIME 1
| #define HAVE_INET_PTON 1
| #define HAVE_INET_PTON_IPV6 1
| #define HAVE_DBM_OPEN 1
| #define HAVE_GDBM_H 1
| #define HAVE_NDBM_H 1
| /* end confdefs.h.  */
| #include <stdio.h>
| #ifdef HAVE_SYS_TYPES_H
| # include <sys/types.h>
| #endif
| #ifdef HAVE_SYS_STAT_H
| # include <sys/stat.h>
| #endif
| #ifdef STDC_HEADERS
| # include <stdlib.h>
| # include <stddef.h>
| #else
| # ifdef HAVE_STDLIB_H
| #  include <stdlib.h>
| # endif
| #endif
| #ifdef HAVE_STRING_H
| # if !defined STDC_HEADERS && defined HAVE_MEMORY_H
| #  include <memory.h>
| # endif
| # include <string.h>
| #endif
| #ifdef HAVE_STRINGS_H
| # include <strings.h>
| #endif
| #ifdef HAVE_INTTYPES_H
| # include <inttypes.h>
| #endif
| #ifdef HAVE_STDINT_H
| # include <stdint.h>
| #endif
| #ifdef HAVE_UNISTD_H
| # include <unistd.h>
| #endif
| #include <db1/ndbm.h>
configure:9155: result: no
configure:9159: checking db1/ndbm.h presence
configure:9174: gcc -E  conftest.c
conftest.c:54:10: fatal error: 'db1/ndbm.h' file not found
#include <db1/ndbm.h>
         ^
1 error generated.
configure:9180: $? = 1
configure: failed program was:
| /* confdefs.h.  */
| #define PACKAGE_NAME ""
| #define PACKAGE_TARNAME ""
| #define PACKAGE_VERSION ""
| #define PACKAGE_STRING ""
| #define PACKAGE_BUGREPORT ""
| #define PACKAGE "jwhois"
| #define VERSION "4.0"
| #define DEFAULTHOST "whois.internic.net"
| #define WHOISSERVERS "whois-servers.net"
| #define CACHEEXPIRE "168"
| #define GETTEXT_PACKAGE "jwhois"
| #define HAVE_CFPREFERENCESCOPYAPPVALUE 1
| #define HAVE_CFLOCALECOPYCURRENT 1
| #define HAVE_ICONV 1
| #define HAVE_ICONV 1
| #define ICONV_CONST 
| #define STDC_HEADERS 1
| #define HAVE_SYS_TYPES_H 1
| #define HAVE_SYS_STAT_H 1
| #define HAVE_STDLIB_H 1
| #define HAVE_STRING_H 1
| #define HAVE_MEMORY_H 1
| #define HAVE_STRINGS_H 1
| #define HAVE_INTTYPES_H 1
| #define HAVE_STDINT_H 1
| #define HAVE_UNISTD_H 1
| #define HAVE_GETIPNODEBYNAME 1
| #define HAVE_GETADDRINFO 1
| #define HAVE_GAI_STRERROR 1
| #define HAVE_MEMCPY 1
| #define HAVE_STRTOL 1
| #define HAVE_STRCASECMP 1
| #define HAVE_STRNCASECMP 1
| #define HAVE_GETOPT_LONG 1
| #define STDC_HEADERS 1
| #define HAVE_SYS_TYPES_H 1
| #define HAVE_SYS_SOCKET_H 1
| #define HAVE_NETINET_IN_H 1
| #define HAVE_NETDB_H 1
| #define HAVE_SYS_TIME_H 1
| #define HAVE_SYS_STAT_H 1
| #define HAVE_SYS_FCNTL_H 1
| #define HAVE_LOCALE_H 1
| #define HAVE_STDINT_H 1
| #define HAVE_INTTYPES_H 1
| #define TIME_WITH_SYS_TIME 1
| #define HAVE_INET_PTON 1
| #define HAVE_INET_PTON_IPV6 1
| #define HAVE_DBM_OPEN 1
| #define HAVE_GDBM_H 1
| #define HAVE_NDBM_H 1
| /* end confdefs.h.  */
| #include <db1/ndbm.h>
configure:9194: result: no
configure:9222: checking for db1/ndbm.h
configure:9230: result: no
configure:9394: checking for working alloca.h
configure:9421: gcc -o conftest -g -O2   conftest.c  >&5
configure:9427: $? = 0
configure:9444: result: yes
configure:9454: checking for alloca
configure:9501: gcc -o conftest -g -O2   conftest.c  >&5
configure:9507: $? = 0
configure:9524: result: yes
configure:9772: checking whether snprintf is declared
configure:9801: gcc -c -g -O2  conftest.c >&5
configure:9807: $? = 0
configure:9822: result: yes
configure:9860: checking stdio.h usability
configure:9877: gcc -c -g -O2  conftest.c >&5
configure:9883: $? = 0
configure:9897: result: yes
configure:9901: checking stdio.h presence
configure:9916: gcc -E  conftest.c
configure:9922: $? = 0
configure:9936: result: yes
configure:9964: checking for stdio.h
configure:9972: result: yes
configure:9992: checking for EOVERFLOW
configure:10390: result: yes
configure:10410: checking for vasnprintf
configure:10466: gcc -o conftest -g -O2   conftest.c  >&5
Undefined symbols for architecture x86_64:
  "_vasnprintf", referenced from:
      _main in conftest-cae7d6.o
ld: symbol(s) not found for architecture x86_64
clang: error: linker command failed with exit code 1 (use -v to see invocation)
configure:10472: $? = 1
configure: failed program was:
| /* confdefs.h.  */
| #define PACKAGE_NAME ""
| #define PACKAGE_TARNAME ""
| #define PACKAGE_VERSION ""
| #define PACKAGE_STRING ""
| #define PACKAGE_BUGREPORT ""
| #define PACKAGE "jwhois"
| #define VERSION "4.0"
| #define DEFAULTHOST "whois.internic.net"
| #define WHOISSERVERS "whois-servers.net"
| #define CACHEEXPIRE "168"
| #define GETTEXT_PACKAGE "jwhois"
| #define HAVE_CFPREFERENCESCOPYAPPVALUE 1
| #define HAVE_CFLOCALECOPYCURRENT 1
| #define HAVE_ICONV 1
| #define HAVE_ICONV 1
| #define ICONV_CONST 
| #define STDC_HEADERS 1
| #define HAVE_SYS_TYPES_H 1
| #define HAVE_SYS_STAT_H 1
| #define HAVE_STDLIB_H 1
| #define HAVE_STRING_H 1
| #define HAVE_MEMORY_H 1
| #define HAVE_STRINGS_H 1
| #define HAVE_INTTYPES_H 1
| #define HAVE_STDINT_H 1
| #define HAVE_UNISTD_H 1
| #define HAVE_GETIPNODEBYNAME 1
| #define HAVE_GETADDRINFO 1
| #define HAVE_GAI_STRERROR 1
| #define HAVE_MEMCPY 1
| #define HAVE_STRTOL 1
| #define HAVE_STRCASECMP 1
| #define HAVE_STRNCASECMP 1
| #define HAVE_GETOPT_LONG 1
| #define STDC_HEADERS 1
| #define HAVE_SYS_TYPES_H 1
| #define HAVE_SYS_SOCKET_H 1
| #define HAVE_NETINET_IN_H 1
| #define HAVE_NETDB_H 1
| #define HAVE_SYS_TIME_H 1
| #define HAVE_SYS_STAT_H 1
| #define HAVE_SYS_FCNTL_H 1
| #define HAVE_LOCALE_H 1
| #define HAVE_STDINT_H 1
| #define HAVE_INTTYPES_H 1
| #define TIME_WITH_SYS_TIME 1
| #define HAVE_INET_PTON 1
| #define HAVE_INET_PTON_IPV6 1
| #define HAVE_DBM_OPEN 1
| #define HAVE_GDBM_H 1
| #define HAVE_NDBM_H 1
| #define HAVE_ALLOCA_H 1
| #define HAVE_ALLOCA 1
| #define HAVE_DECL_SNPRINTF 1
| #define HAVE_STDIO_H 1
| /* end confdefs.h.  */
| /* Define vasnprintf to an innocuous variant, in case <limits.h> declares vasnprintf.
|    For example, HP-UX 11i <limits.h> declares gettimeofday.  */
| #define vasnprintf innocuous_vasnprintf
| 
| /* System header to define __stub macros and hopefully few prototypes,
|     which can conflict with char vasnprintf (); below.
|     Prefer <limits.h> to <assert.h> if __STDC__ is defined, since
|     <limits.h> exists even on freestanding compilers.  */
| 
| #ifdef __STDC__
| # include <limits.h>
| #else
| # include <assert.h>
| #endif
| 
| #undef vasnprintf
| 
| /* Override any GCC internal prototype to avoid an error.
|    Use char because int might match the return type of a GCC
|    builtin and then its argument prototype would still apply.  */
| #ifdef __cplusplus
| extern "C"
| #endif
| char vasnprintf ();
| /* The GNU C library defines this for functions which it implements
|     to always fail with ENOSYS.  Some functions are actually named
|     something starting with __ and the normal name is an alias.  */
| #if defined __stub_vasnprintf || defined __stub___vasnprintf
| choke me
| #endif
| 
| int
| main ()
| {
| return vasnprintf ();
|   ;
|   return 0;
| }
configure:10490: result: no
configure:10506: checking for long long int
configure:10539: gcc -o conftest -g -O2   conftest.c  >&5
configure:10545: $? = 0
configure:10590: gcc -o conftest -g -O2   conftest.c  >&5
configure:10593: $? = 0
configure:10599: ./conftest
configure:10602: $? = 0
configure:10627: result: yes
configure:10638: checking for long double
configure:10694: result: yes
configure:10705: checking for wchar_t
configure:10732: gcc -c -g -O2  conftest.c >&5
configure:10738: $? = 0
configure:10753: result: yes
configure:10764: checking for wint_t
configure:10799: gcc -c -g -O2  conftest.c >&5
configure:10805: $? = 0
configure:10820: result: yes
configure:10830: checking for size_t
configure:10860: gcc -c -g -O2  conftest.c >&5
configure:10866: $? = 0
configure:10881: result: yes
configure:10894: checking for inttypes.h
configure:10921: gcc -c -g -O2  conftest.c >&5
configure:10927: $? = 0
configure:10942: result: yes
configure:10953: checking for stdint.h
configure:10980: gcc -c -g -O2  conftest.c >&5
configure:10986: $? = 0
configure:11001: result: yes
configure:11025: checking for intmax_t
configure:11060: gcc -c -g -O2  conftest.c >&5
configure:11066: $? = 0
configure:11081: result: yes
configure:11101: checking for inline
configure:11127: gcc -c -g -O2  conftest.c >&5
configure:11133: $? = 0
configure:11151: result: inline
configure:11199: checking for alloca as a compiler built-in
configure:11227: result: yes
configure:11256: checking for stdint.h
configure:11262: result: yes
configure:11391: checking for SIZE_MAX
configure:12104: result: yes
configure:12120: checking for snprintf
configure:12176: gcc -o conftest -g -O2   conftest.c  >&5
conftest.c:92:6: warning: incompatible redeclaration of library function 'snprintf' [-Wincompatible-library-redeclaration]
char snprintf ();
     ^
conftest.c:92:6: note: 'snprintf' is a builtin with type 'int (char *, unsigned long, const char *, ...)'
1 warning generated.
configure:12182: $? = 0
configure:12200: result: yes
configure:12237: checking absolute name of <stdio.h>
configure:12262: result: ///usr/include/stdio.h
configure:12313: checking for ptrdiff_t
configure:12343: gcc -c -g -O2  conftest.c >&5
configure:12349: $? = 0
configure:12364: result: yes
configure:12388: checking for snprintf
configure:12468: result: yes
configure:12388: checking for wcslen
configure:12444: gcc -o conftest -g -O2   conftest.c  >&5
configure:12450: $? = 0
configure:12468: result: yes
configure:12492: checking for stdint.h
configure:12498: result: yes
configure:12777: creating ./config.status

## ---------------------- ##
## Running config.status. ##
## ---------------------- ##

This file was extended by config.status, which was
generated by GNU Autoconf 2.61.  Invocation command line was

  CONFIG_FILES    = 
  CONFIG_HEADERS  = 
  CONFIG_LINKS    = 
  CONFIG_COMMANDS = 
  $ ./config.status 

on Jareds-MacBook-Pro.local

config.status:711: creating po/Makefile.in
config.status:711: creating m4/Makefile
config.status:711: creating Makefile
config.status:711: creating doc/Makefile
config.status:711: creating doc/sv/Makefile
config.status:711: creating src/Makefile
config.status:711: creating gl/Makefile
config.status:711: creating example/Makefile
config.status:711: creating jwhois.spec
config.status:711: creating config.h
config.status:1039: executing depfiles commands
config.status:1039: executing po-directories commands

## ---------------- ##
## Cache variables. ##
## ---------------- ##

ac_cv_build=i386-apple-darwin16.4.0
ac_cv_c_bigendian=no
ac_cv_c_compiler_gnu=yes
ac_cv_c_inline=inline
ac_cv_decl_EOVERFLOW=yes
ac_cv_env_CC_set=
ac_cv_env_CC_value=
ac_cv_env_CFLAGS_set=
ac_cv_env_CFLAGS_value=
ac_cv_env_CPPFLAGS_set=
ac_cv_env_CPPFLAGS_value=
ac_cv_env_CPP_set=
ac_cv_env_CPP_value=
ac_cv_env_LDFLAGS_set=
ac_cv_env_LDFLAGS_value=
ac_cv_env_LIBS_set=
ac_cv_env_LIBS_value=
ac_cv_env_build_alias_set=
ac_cv_env_build_alias_value=
ac_cv_env_host_alias_set=
ac_cv_env_host_alias_value=
ac_cv_env_target_alias_set=
ac_cv_env_target_alias_value=
ac_cv_func_alloca_works=yes
ac_cv_func_connect=yes
ac_cv_func_dbm_open=yes
ac_cv_func_gai_strerror=yes
ac_cv_func_getaddrinfo=yes
ac_cv_func_getipnodebyname=yes
ac_cv_func_getopt_long=yes
ac_cv_func_inet_pton=yes
ac_cv_func_memcpy=yes
ac_cv_func_snprintf=yes
ac_cv_func_socket=yes
ac_cv_func_strcasecmp=yes
ac_cv_func_strncasecmp=yes
ac_cv_func_strtol=yes
ac_cv_func_vasnprintf=no
ac_cv_func_wcslen=yes
ac_cv_have_decl_snprintf=yes
ac_cv_header_db1_ndbm_h=no
ac_cv_header_dbm_h=no
ac_cv_header_gdbm_h=yes
ac_cv_header_idna_h=no
ac_cv_header_inttypes_h=yes
ac_cv_header_locale_h=yes
ac_cv_header_malloc_h=no
ac_cv_header_memory_h=yes
ac_cv_header_ndbm_h=yes
ac_cv_header_netdb_h=yes
ac_cv_header_netinet_in_h=yes
ac_cv_header_stdc=yes
ac_cv_header_stdint_h=yes
ac_cv_header_stdio_h=yes
ac_cv_header_stdlib_h=yes
ac_cv_header_string_h=yes
ac_cv_header_strings_h=yes
ac_cv_header_sys_fcntl_h=yes
ac_cv_header_sys_socket_h=yes
ac_cv_header_sys_stat_h=yes
ac_cv_header_sys_time_h=yes
ac_cv_header_sys_types_h=yes
ac_cv_header_time=yes
ac_cv_header_unistd_h=yes
ac_cv_host=i386-apple-darwin16.4.0
ac_cv_lib_inet6_main=no
ac_cv_objext=o
ac_cv_path_CHGRP=/usr/bin/chgrp
ac_cv_path_CHMOD=/bin/chmod
ac_cv_path_EGREP='/usr/bin/grep -E'
ac_cv_path_GMSGFMT=:
ac_cv_path_GREP=/usr/bin/grep
ac_cv_path_MSGFMT=:
ac_cv_path_MSGMERGE=:
ac_cv_path_XGETTEXT=:
ac_cv_path_install='/usr/bin/install -c'
ac_cv_prog_AWK=awk
ac_cv_prog_CPP='gcc -E'
ac_cv_prog_ac_ct_CC=gcc
ac_cv_prog_ac_ct_RANLIB=ranlib
ac_cv_prog_cc_c89=
ac_cv_prog_cc_g=yes
ac_cv_prog_make_make_set=yes
ac_cv_type_long_long=yes
ac_cv_type_long_long_int=yes
ac_cv_type_ptrdiff_t=yes
ac_cv_type_size_t=yes
ac_cv_working_alloca_h=yes
acl_cv_hardcode_direct=no
acl_cv_hardcode_libdir_flag_spec=
acl_cv_hardcode_libdir_separator=
acl_cv_hardcode_minus_L=no
acl_cv_libext=a
acl_cv_path_LD=/Library/Developer/CommandLineTools/usr/bin/ld
acl_cv_prog_gnu_ld=no
acl_cv_rpath=done
acl_cv_shlibext=dylib
acl_cv_wl=-Wl,
am_cv_CC_dependencies_compiler_type=gcc3
am_cv_func_iconv=yes
am_cv_lib_iconv=yes
am_cv_proto_iconv='extern size_t iconv (iconv_t cd, char * *inbuf, size_t *inbytesleft, char * *outbuf, size_t *outbytesleft);'
am_cv_proto_iconv_arg1=
gl_cv_absolute_stdio_h=///usr/include/stdio.h
gl_cv_header_inttypes_h=yes
gl_cv_header_stdint_h=yes
gl_cv_rpl_alloca=yes
gl_cv_size_max=yes
gt_cv_c_intmax_t=yes
gt_cv_c_long_double=yes
gt_cv_c_wchar_t=yes
gt_cv_c_wint_t=yes
gt_cv_func_CFLocaleCopyCurrent=yes
gt_cv_func_CFPreferencesCopyAppValue=yes
gt_cv_func_gnugettext1_libc=no
gt_cv_func_gnugettext1_libintl=no

## ----------------- ##
## Output variables. ##
## ----------------- ##

ABSOLUTE_STDIO_H='"///usr/include/stdio.h"'
ACLOCAL='${SHELL} /Users/evanjohnson/wtf/src/jwhois-4.0/missing --run aclocal-1.9'
ALLOCA=''
ALLOCA_H='alloca.h'
AMDEPBACKSLASH='\'
AMDEP_FALSE='#'
AMDEP_TRUE=''
AMTAR='${SHELL} /Users/evanjohnson/wtf/src/jwhois-4.0/missing --run tar'
AUTOCONF='${SHELL} /Users/evanjohnson/wtf/src/jwhois-4.0/missing --run autoconf'
AUTOHEADER='${SHELL} /Users/evanjohnson/wtf/src/jwhois-4.0/missing --run autoheader'
AUTOMAKE='${SHELL} /Users/evanjohnson/wtf/src/jwhois-4.0/missing --run automake-1.9'
AWK='awk'
CC='gcc'
CCDEPMODE='depmode=gcc3'
CFLAGS='-g -O2'
CHGRP='/usr/bin/chgrp'
CHMOD='/bin/chmod'
CPP='gcc -E'
CPPFLAGS=''
CYGPATH_W='echo'
DEFS='-DHAVE_CONFIG_H'
DEPDIR='.deps'
ECHO_C='ECHO_N=''
ECHO_T=''
EGREP='/usr/bin/grep -E'
EOVERFLOW=''
EXEEXT=''
GETTEXT_PACKAGE='jwhois'
GL_COND_LIBTOOL_FALSE=''
GL_COND_LIBTOOL_TRUE='#'
GMSGFMT=':'
GMSGFMT_015=':'
GNULIB_FPRINTF_POSIX='0'
GNULIB_PRINTF_POSIX='0'
GNULIB_SNPRINTF='1'
GNULIB_SPRINTF_POSIX='0'
GNULIB_VFPRINTF_POSIX='0'
GNULIB_VPRINTF_POSIX='0'
GNULIB_VSNPRINTF='0'
GNULIB_VSPRINTF_POSIX='0'
GREP='/usr/bin/grep'
GROUP='nogroup'
HAVE_DECL_SNPRINTF='1'
HAVE_DECL_VSNPRINTF='1'
INSTALL_DATA='${INSTALL} -m 644'
INSTALL_PROGRAM='${INSTALL}'
INSTALL_SCRIPT='${INSTALL}'
INSTALL_STRIP_PROGRAM='${SHELL} $(install_sh) -c -s'
INTLLIBS=''
INTL_MACOSX_LIBS='-Wl,-framework -Wl,CoreFoundation'
LDFLAGS=''
LIBGNU_LIBDEPS=''
LIBGNU_LTLIBDEPS=''
LIBICONV='-liconv'
LIBINTL=''
LIBOBJS=''
LIBS=''
LTLIBICONV='-liconv'
LTLIBINTL=''
LTLIBOBJS=''
MAKEINFO='${SHELL} /Users/evanjohnson/wtf/src/jwhois-4.0/missing --run makeinfo'
MSGFMT=':'
MSGFMT_015=':'
MSGMERGE=':'
OBJEXT='o'
OLDCFLAGS='-g -O2'
PACKAGE='jwhois'
PACKAGE_BUGREPORT=''
PACKAGE_NAME=''
PACKAGE_STRING=''
PACKAGE_TARNAME=''
PACKAGE_VERSION=''
PATH_SEPARATOR=':'
POSUB=''
RANLIB='ranlib'
REPLACE_FPRINTF='0'
REPLACE_PRINTF='0'
REPLACE_SNPRINTF='0'
REPLACE_SPRINTF='0'
REPLACE_VFPRINTF='0'
REPLACE_VPRINTF='0'
REPLACE_VSNPRINTF='0'
REPLACE_VSPRINTF='0'
SET_MAKE=''
SHELL='/bin/sh'
STRIP=''
USE_NLS='no'
VERSION='4.0'
XGETTEXT=':'
XGETTEXT_015=':'
ac_ct_CC='gcc'
am__fastdepCC_FALSE='#'
am__fastdepCC_TRUE=''
am__include='include'
am__leading_dot='.'
am__quote=''
am__tar='${AMTAR} chof - "$$tardir"'
am__untar='${AMTAR} xf -'
bindir='${exec_prefix}/bin'
build='i386-apple-darwin16.4.0'
build_alias=''
build_cpu='i386'
build_os='darwin16.4.0'
build_vendor='apple'
cache='yes'
datadir='${datarootdir}'
datarootdir='${prefix}/share'
docdir='${datarootdir}/doc/${PACKAGE}'
dvidir='${docdir}'
exec_prefix='${prefix}'
gl_LIBOBJS=' asnprintf.o printf-args.o printf-parse.o vasnprintf.o'
gl_LTLIBOBJS=' asnprintf.lo printf-args.lo printf-parse.lo vasnprintf.lo'
host='i386-apple-darwin16.4.0'
host_alias=''
host_cpu='i386'
host_os='darwin16.4.0'
host_vendor='apple'
htmldir='${docdir}'
includedir='${prefix}/include'
infodir='${datarootdir}/info'
install_sh='/Users/evanjohnson/wtf/src/jwhois-4.0/install-sh'
libdir='${exec_prefix}/lib'
libexecdir='${exec_prefix}/libexec'
localedir='${prefix}/share/locale'
localstatedir='${prefix}/var'
mandir='${datarootdir}/man'
mkdir_p='$(mkinstalldirs)'
oldincludedir='/usr/include'
pdfdir='${docdir}'
prefix='/usr/local'
program_transform_name='s,x,x,'
psdir='${docdir}'
sbindir='${exec_prefix}/sbin'
sgid='no'
sharedstatedir='${prefix}/com'
sysconfdir='${prefix}/etc'
target_alias=''

## ----------- ##
## confdefs.h. ##
## ----------- ##

#define PACKAGE_NAME ""
#define PACKAGE_TARNAME ""
#define PACKAGE_VERSION ""
#define PACKAGE_STRING ""
#define PACKAGE_BUGREPORT ""
#define PACKAGE "jwhois"
#define VERSION "4.0"
#define DEFAULTHOST "whois.internic.net"
#define WHOISSERVERS "whois-servers.net"
#define CACHEEXPIRE "168"
#define GETTEXT_PACKAGE "jwhois"
#define HAVE_CFPREFERENCESCOPYAPPVALUE 1
#define HAVE_CFLOCALECOPYCURRENT 1
#define HAVE_ICONV 1
#define HAVE_ICONV 1
#define ICONV_CONST 
#define STDC_HEADERS 1
#define HAVE_SYS_TYPES_H 1
#define HAVE_SYS_STAT_H 1
#define HAVE_STDLIB_H 1
#define HAVE_STRING_H 1
#define HAVE_MEMORY_H 1
#define HAVE_STRINGS_H 1
#define HAVE_INTTYPES_H 1
#define HAVE_STDINT_H 1
#define HAVE_UNISTD_H 1
#define HAVE_GETIPNODEBYNAME 1
#define HAVE_GETADDRINFO 1
#define HAVE_GAI_STRERROR 1
#define HAVE_MEMCPY 1
#define HAVE_STRTOL 1
#define HAVE_STRCASECMP 1
#define HAVE_STRNCASECMP 1
#define HAVE_GETOPT_LONG 1
#define STDC_HEADERS 1
#define HAVE_SYS_TYPES_H 1
#define HAVE_SYS_SOCKET_H 1
#define HAVE_NETINET_IN_H 1
#define HAVE_NETDB_H 1
#define HAVE_SYS_TIME_H 1
#define HAVE_SYS_STAT_H 1
#define HAVE_SYS_FCNTL_H 1
#define HAVE_LOCALE_H 1
#define HAVE_STDINT_H 1
#define HAVE_INTTYPES_H 1
#define TIME_WITH_SYS_TIME 1
#define HAVE_INET_PTON 1
#define HAVE_INET_PTON_IPV6 1
#define HAVE_DBM_OPEN 1
#define HAVE_GDBM_H 1
#define HAVE_NDBM_H 1
#define HAVE_ALLOCA_H 1
#define HAVE_ALLOCA 1
#define HAVE_DECL_SNPRINTF 1
#define HAVE_STDIO_H 1
#define HAVE_LONG_LONG_INT 1
#define HAVE_LONG_DOUBLE 1
#define HAVE_WCHAR_T 1
#define HAVE_WINT_T 1
#define HAVE_INTTYPES_H_WITH_UINTMAX 1
#define HAVE_STDINT_H_WITH_UINTMAX 1
#define HAVE_LONG_LONG 1
#define HAVE_INTMAX_T 1
#define HAVE_ALLOCA 1
#define HAVE_ALLOCA_H 1
#define HAVE_STDINT_H 1
#define HAVE_SNPRINTF 1
#define ABSOLUTE_STDIO_H "///usr/include/stdio.h"
#define HAVE_PTRDIFF_T 1
#define HAVE_SNPRINTF 1
#define HAVE_WCSLEN 1
#define HAVE_STDINT_H 1

configure: exit 0
